{"id":1,"firstName":"Stone","lastName":null,"birthDate":-164246400000}
{"id":2,"firstName":"Raymond","lastName":null,"birthDate":250560000000}
{"id":3,"firstName":"Armando","lastName":null,"birthDate":535766400000}
{"id":4,"firstName":"Latifah","lastName":null,"birthDate":-329616000000}
{"id":5,"firstName":"Cassandra","lastName":null,"birthDate":-419731200000}
{"id":6,"firstName":"Audra","lastName":null,"birthDate":462585600000}
{"id":7,"firstName":"Upton","lastName":null,"birthDate":97545600000}
{"id":8,"firstName":"Melodie","lastName":null,"birthDate":-526608000000}
{"id":9,"firstName":"Sybill","lastName":null,"birthDate":-584668800000}
{"id":10,"firstName":"Glenna","lastName":null,"birthDate":-515980800000}
{"id":11,"firstName":"Ingrid","lastName":null,"birthDate":-388972800000}
{"id":12,"firstName":"Duncan","lastName":null,"birthDate":285638400000}
{"id":13,"firstName":"Xaviera","lastName":null,"birthDate":-140745600000}
{"id":14,"firstName":"Rhoda","lastName":null,"birthDate":652924800000}
{"id":15,"firstName":"Fatima","lastName":null,"birthDate":296956800000}
{"id":16,"firstName":"Merrill","lastName":null,"birthDate":646790400000}
{"id":17,"firstName":"Felicia","lastName":null,"birthDate":-316828800000}
{"id":18,"firstName":"Hanae","lastName":null,"birthDate":472867200000}
{"id":19,"firstName":"Ramona","lastName":null,"birthDate":-237600000000}
{"id":20,"firstName":"Katelyn","lastName":null,"birthDate":595209600000}
{"id":21,"firstName":"Rosalyn","lastName":null,"birthDate":383356800000}
{"id":22,"firstName":"Alea","lastName":null,"birthDate":-332294400000}
{"id":23,"firstName":"Raymond","lastName":null,"birthDate":300844800000}
{"id":24,"firstName":"Hu","lastName":null,"birthDate":598233600000}
{"id":25,"firstName":"Damon","lastName":null,"birthDate":-187056000000}
{"id":26,"firstName":"Ori","lastName":null,"birthDate":-365385600000}
{"id":27,"firstName":"Sasha","lastName":null,"birthDate":190166400000}
{"id":28,"firstName":"Sarah","lastName":null,"birthDate":532742400000}
{"id":29,"firstName":"Hammett","lastName":null,"birthDate":391651200000}
{"id":30,"firstName":"Melissa","lastName":null,"birthDate":-201571200000}
{"id":31,"firstName":"Daquan","lastName":null,"birthDate":235267200000}
{"id":32,"firstName":"Keane","lastName":null,"birthDate":-355881600000}
{"id":33,"firstName":"Erich","lastName":null,"birthDate":151977600000}
{"id":34,"firstName":"Iliana","lastName":null,"birthDate":-92448000000}
{"id":35,"firstName":"Dawn","lastName":null,"birthDate":-297475200000}
{"id":36,"firstName":"Anjolie","lastName":null,"birthDate":67046400000}
{"id":37,"firstName":"Tanya","lastName":null,"birthDate":52704000000}
{"id":38,"firstName":"Dacey","lastName":null,"birthDate":617328000000}
{"id":39,"firstName":"Carl","lastName":null,"birthDate":-385776000000}
{"id":40,"firstName":"Derek","lastName":null,"birthDate":99532800000}
{"id":41,"firstName":"Lucian","lastName":null,"birthDate":-489542400000}
{"id":42,"firstName":"Jorden","lastName":null,"birthDate":614649600000}
{"id":43,"firstName":"Arden","lastName":null,"birthDate":190944000000}
{"id":44,"firstName":"Kenneth","lastName":null,"birthDate":-486864000000}
{"id":45,"firstName":"Kitra","lastName":null,"birthDate":-550281600000}
{"id":46,"firstName":"Jin","lastName":null,"birthDate":278812800000}
{"id":47,"firstName":"Jaden","lastName":null,"birthDate":-436838400000}
{"id":48,"firstName":"Sylvia","lastName":null,"birthDate":269308800000}
{"id":49,"firstName":"Mona","lastName":null,"birthDate":-54000000000}
{"id":50,"firstName":"Lyle","lastName":null,"birthDate":200102400000}
{"id":51,"firstName":"Asher","lastName":null,"birthDate":-351129600000}
{"id":52,"firstName":"Brynne","lastName":null,"birthDate":251683200000}
{"id":53,"firstName":"Ahmed","lastName":null,"birthDate":21427200000}
{"id":54,"firstName":"Iola","lastName":null,"birthDate":-274406400000}
{"id":55,"firstName":"Quynn","lastName":null,"birthDate":80438400000}
{"id":56,"firstName":"Althea","lastName":null,"birthDate":394416000000}
{"id":57,"firstName":"Elmo","lastName":null,"birthDate":301622400000}
{"id":58,"firstName":"Remedios","lastName":null,"birthDate":-236736000000}
{"id":59,"firstName":"Kaitlin","lastName":null,"birthDate":474681600000}
{"id":60,"firstName":"Stewart","lastName":null,"birthDate":293328000000}
{"id":61,"firstName":"Blythe","lastName":null,"birthDate":146102400000}
{"id":62,"firstName":"Nyssa","lastName":null,"birthDate":170294400000}
{"id":63,"firstName":"Mariam","lastName":null,"birthDate":480556800000}
{"id":64,"firstName":"Orson","lastName":null,"birthDate":-279849600000}
{"id":65,"firstName":"Marshall","lastName":null,"birthDate":326332800000}
{"id":66,"firstName":"Giacomo","lastName":null,"birthDate":345340800000}
{"id":67,"firstName":"Mollie","lastName":null,"birthDate":-121910400000}
{"id":68,"firstName":"Holly","lastName":null,"birthDate":-99100800000}
{"id":69,"firstName":"Dominic","lastName":null,"birthDate":219456000000}
{"id":70,"firstName":"Rooney","lastName":null,"birthDate":-427075200000}
{"id":71,"firstName":"Shay","lastName":null,"birthDate":-316915200000}
{"id":72,"firstName":"Nicholas","lastName":null,"birthDate":-247363200000}
{"id":73,"firstName":"Addison","lastName":null,"birthDate":489801600000}
{"id":74,"firstName":"Anastasia","lastName":null,"birthDate":-460080000000}
{"id":75,"firstName":"Mary","lastName":null,"birthDate":-434764800000}
{"id":76,"firstName":"Garrett","lastName":null,"birthDate":-444700800000}
{"id":77,"firstName":"Kendall","lastName":null,"birthDate":-485654400000}
{"id":78,"firstName":"Juliet","lastName":null,"birthDate":-163123200000}
{"id":79,"firstName":"Olivia","lastName":null,"birthDate":181958400000}
{"id":80,"firstName":"Daquan","lastName":null,"birthDate":-410918400000}
{"id":81,"firstName":"Leroy","lastName":null,"birthDate":-217728000000}
{"id":82,"firstName":"Sonia","lastName":null,"birthDate":190598400000}
{"id":83,"firstName":"Emerald","lastName":null,"birthDate":263001600000}
{"id":84,"firstName":"Reed","lastName":null,"birthDate":146188800000}
{"id":85,"firstName":"Bertha","lastName":null,"birthDate":-545184000000}
{"id":86,"firstName":"Dennis","lastName":null,"birthDate":535939200000}
{"id":87,"firstName":"Declan","lastName":null,"birthDate":604281600000}
{"id":88,"firstName":"Latifah","lastName":null,"birthDate":-560736000000}
{"id":89,"firstName":"Rashad","lastName":null,"birthDate":514166400000}
{"id":90,"firstName":"Carl","lastName":null,"birthDate":411177600000}
{"id":91,"firstName":"Levi","lastName":null,"birthDate":143769600000}
{"id":92,"firstName":"Ella","lastName":null,"birthDate":582336000000}
{"id":93,"firstName":"Dara","lastName":null,"birthDate":334886400000}
{"id":94,"firstName":"Benedict","lastName":null,"birthDate":243820800000}
{"id":95,"firstName":"Benjamin","lastName":null,"birthDate":-233452800000}
{"id":96,"firstName":"Pandora","lastName":null,"birthDate":516499200000}
{"id":97,"firstName":"Hall","lastName":null,"birthDate":-424742400000}
{"id":98,"firstName":"Piper","lastName":null,"birthDate":-167616000000}
{"id":99,"firstName":"Rafael","lastName":null,"birthDate":-250560000000}
{"id":100,"firstName":"Alfonso","lastName":null,"birthDate":-53568000000}
{"id":101,"firstName":"Kyra","lastName":null,"birthDate":355017600000}
{"id":102,"firstName":"Erica","lastName":null,"birthDate":-140659200000}
{"id":103,"firstName":"Kaitlin","lastName":null,"birthDate":-271728000000}
{"id":104,"firstName":"Sonya","lastName":null,"birthDate":15206400000}
{"id":105,"firstName":"Graiden","lastName":null,"birthDate":-143856000000}
{"id":106,"firstName":"Amethyst","lastName":null,"birthDate":-540172800000}
{"id":107,"firstName":"Justine","lastName":null,"birthDate":408758400000}
{"id":108,"firstName":"Dennis","lastName":null,"birthDate":345600000000}
{"id":109,"firstName":"Adena","lastName":null,"birthDate":531532800000}
{"id":110,"firstName":"Burke","lastName":null,"birthDate":610588800000}
{"id":111,"firstName":"Macon","lastName":null,"birthDate":-313286400000}
{"id":112,"firstName":"Todd","lastName":null,"birthDate":-544665600000}
{"id":113,"firstName":"Aretha","lastName":null,"birthDate":77155200000}
{"id":114,"firstName":"Zephania","lastName":null,"birthDate":-19440000000}
{"id":115,"firstName":"Ishmael","lastName":null,"birthDate":283564800000}
{"id":116,"firstName":"Todd","lastName":null,"birthDate":-512006400000}
{"id":117,"firstName":"Gareth","lastName":null,"birthDate":4320000000}
{"id":118,"firstName":"Amir","lastName":null,"birthDate":-583027200000}
{"id":119,"firstName":"Darius","lastName":null,"birthDate":-476582400000}
{"id":120,"firstName":"Rajah","lastName":null,"birthDate":-304732800000}
{"id":121,"firstName":"Avram","lastName":null,"birthDate":205286400000}
{"id":122,"firstName":"Hilel","lastName":null,"birthDate":-559440000000}
{"id":123,"firstName":"Veda","lastName":null,"birthDate":-524620800000}
{"id":124,"firstName":"Armando","lastName":null,"birthDate":563673600000}
{"id":125,"firstName":"Nichole","lastName":null,"birthDate":-266716800000}
{"id":126,"firstName":"Zephr","lastName":null,"birthDate":485308800000}
{"id":127,"firstName":"Clayton","lastName":null,"birthDate":342489600000}
{"id":128,"firstName":"Clark","lastName":null,"birthDate":406080000000}
{"id":129,"firstName":"Daniel","lastName":null,"birthDate":-545443200000}
{"id":130,"firstName":"Kathleen","lastName":null,"birthDate":-239673600000}
{"id":131,"firstName":"Priscilla","lastName":null,"birthDate":-542160000000}
{"id":132,"firstName":"Skyler","lastName":null,"birthDate":-459302400000}
{"id":133,"firstName":"Erica","lastName":null,"birthDate":-447033600000}
{"id":134,"firstName":"Damon","lastName":null,"birthDate":585187200000}
{"id":135,"firstName":"Macaulay","lastName":null,"birthDate":43545600000}
{"id":136,"firstName":"Ruby","lastName":null,"birthDate":-433382400000}
{"id":137,"firstName":"Hannah","lastName":null,"birthDate":650419200000}
{"id":138,"firstName":"Mia","lastName":null,"birthDate":581731200000}
{"id":139,"firstName":"Erasmus","lastName":null,"birthDate":-386121600000}
{"id":140,"firstName":"Ivor","lastName":null,"birthDate":565833600000}
{"id":141,"firstName":"Ulla","lastName":null,"birthDate":-439603200000}
{"id":142,"firstName":"Meredith","lastName":null,"birthDate":-434332800000}
{"id":143,"firstName":"Sebastian","lastName":null,"birthDate":-91065600000}
{"id":144,"firstName":"Harrison","lastName":null,"birthDate":416361600000}
{"id":145,"firstName":"Carissa","lastName":null,"birthDate":-521769600000}
{"id":146,"firstName":"Hedy","lastName":null,"birthDate":-400464000000}
{"id":147,"firstName":"Dale","lastName":null,"birthDate":205372800000}
{"id":148,"firstName":"Stella","lastName":null,"birthDate":-265161600000}
{"id":149,"firstName":"Jaden","lastName":null,"birthDate":-366336000000}
{"id":150,"firstName":"Graham","lastName":null,"birthDate":367113600000}
{"id":151,"firstName":"Stella","lastName":null,"birthDate":558057600000}
{"id":152,"firstName":"Aurora","lastName":null,"birthDate":-328492800000}
{"id":153,"firstName":"Joelle","lastName":null,"birthDate":-572140800000}
{"id":154,"firstName":"Ann","lastName":null,"birthDate":628992000000}
{"id":155,"firstName":"Yuri","lastName":null,"birthDate":-266716800000}
{"id":156,"firstName":"Tyler","lastName":null,"birthDate":-76896000000}
{"id":157,"firstName":"Lila","lastName":null,"birthDate":475372800000}
{"id":158,"firstName":"Victor","lastName":null,"birthDate":639705600000}
{"id":159,"firstName":"Oprah","lastName":null,"birthDate":562550400000}
{"id":160,"firstName":"Ethan","lastName":null,"birthDate":232243200000}
{"id":161,"firstName":"Price","lastName":null,"birthDate":191980800000}
{"id":162,"firstName":"Elliott","lastName":null,"birthDate":507254400000}
{"id":163,"firstName":"Gregory","lastName":null,"birthDate":364176000000}
{"id":164,"firstName":"Dakota","lastName":null,"birthDate":-225244800000}
{"id":165,"firstName":"Cody","lastName":null,"birthDate":187833600000}
{"id":166,"firstName":"Arden","lastName":null,"birthDate":-262742400000}
{"id":167,"firstName":"Aristotle","lastName":null,"birthDate":434073600000}
{"id":168,"firstName":"Vladimir","lastName":null,"birthDate":-116208000000}
{"id":169,"firstName":"Laura","lastName":null,"birthDate":612662400000}
{"id":170,"firstName":"Eliana","lastName":null,"birthDate":142732800000}
{"id":171,"firstName":"Tanisha","lastName":null,"birthDate":-340934400000}
{"id":172,"firstName":"Jackson","lastName":null,"birthDate":558230400000}
{"id":173,"firstName":"Maxwell","lastName":null,"birthDate":-325814400000}
{"id":174,"firstName":"Teagan","lastName":null,"birthDate":-88300800000}
{"id":175,"firstName":"Lev","lastName":null,"birthDate":-400377600000}
{"id":176,"firstName":"Lars","lastName":null,"birthDate":-510278400000}
{"id":177,"firstName":"Wang","lastName":null,"birthDate":291254400000}
{"id":178,"firstName":"Rigel","lastName":null,"birthDate":146102400000}
{"id":179,"firstName":"Olga","lastName":null,"birthDate":-80697600000}
{"id":180,"firstName":"Laura","lastName":null,"birthDate":-508636800000}
{"id":181,"firstName":"Scott","lastName":null,"birthDate":400377600000}
{"id":182,"firstName":"Bevis","lastName":null,"birthDate":-261532800000}
{"id":183,"firstName":"Colleen","lastName":null,"birthDate":102902400000}
{"id":184,"firstName":"Kendall","lastName":null,"birthDate":252028800000}
{"id":185,"firstName":"Uriah","lastName":null,"birthDate":-456451200000}
{"id":186,"firstName":"Ishmael","lastName":null,"birthDate":315878400000}
{"id":187,"firstName":"Graiden","lastName":null,"birthDate":593913600000}
{"id":188,"firstName":"Galvin","lastName":null,"birthDate":-52963200000}
{"id":189,"firstName":"Zena","lastName":null,"birthDate":433900800000}
{"id":190,"firstName":"Azalia","lastName":null,"birthDate":-173491200000}
{"id":191,"firstName":"Lila","lastName":null,"birthDate":402796800000}
{"id":192,"firstName":"Garth","lastName":null,"birthDate":587347200000}
{"id":193,"firstName":"Emery","lastName":null,"birthDate":-80352000000}
{"id":194,"firstName":"Shea","lastName":null,"birthDate":631238400000}
{"id":195,"firstName":"Logan","lastName":null,"birthDate":-69897600000}
{"id":196,"firstName":"Olympia","lastName":null,"birthDate":-83030400000}
{"id":197,"firstName":"Louis","lastName":null,"birthDate":-81129600000}
{"id":198,"firstName":"Dylan","lastName":null,"birthDate":-239673600000}
{"id":199,"firstName":"Raphael","lastName":null,"birthDate":-413424000000}
{"id":200,"firstName":"Zoe","lastName":null,"birthDate":95558400000}
{"id":201,"firstName":"Vivian","lastName":null,"birthDate":-573523200000}
{"id":202,"firstName":"Charde","lastName":null,"birthDate":-90201600000}
{"id":203,"firstName":"Jason","lastName":null,"birthDate":-191548800000}
{"id":204,"firstName":"Colleen","lastName":null,"birthDate":325555200000}
{"id":205,"firstName":"Cullen","lastName":null,"birthDate":-122601600000}
{"id":206,"firstName":"Avram","lastName":null,"birthDate":247795200000}
{"id":207,"firstName":"Gray","lastName":null,"birthDate":28252800000}
{"id":208,"firstName":"Nehru","lastName":null,"birthDate":-101692800000}
{"id":209,"firstName":"Ulla","lastName":null,"birthDate":597888000000}
{"id":210,"firstName":"Azalia","lastName":null,"birthDate":-482457600000}
{"id":211,"firstName":"Chava","lastName":null,"birthDate":71625600000}
{"id":212,"firstName":"Jamal","lastName":null,"birthDate":479001600000}
{"id":213,"firstName":"Abigail","lastName":null,"birthDate":630633600000}
{"id":214,"firstName":"Lavinia","lastName":null,"birthDate":196300800000}
{"id":215,"firstName":"Clark","lastName":null,"birthDate":179884800000}
{"id":216,"firstName":"Kennan","lastName":null,"birthDate":-362534400000}
{"id":217,"firstName":"Allegra","lastName":null,"birthDate":-69811200000}
{"id":218,"firstName":"Carson","lastName":null,"birthDate":-459388800000}
{"id":219,"firstName":"Carla","lastName":null,"birthDate":-41904000000}
{"id":220,"firstName":"Kenyon","lastName":null,"birthDate":-462844800000}
{"id":221,"firstName":"Brynne","lastName":null,"birthDate":-582163200000}
{"id":222,"firstName":"Yuri","lastName":null,"birthDate":473040000000}
{"id":223,"firstName":"Lareina","lastName":null,"birthDate":-119923200000}
{"id":224,"firstName":"Rylee","lastName":null,"birthDate":-480902400000}
{"id":225,"firstName":"Elmo","lastName":null,"birthDate":201916800000}
{"id":226,"firstName":"Keith","lastName":null,"birthDate":494035200000}
{"id":227,"firstName":"Deanna","lastName":null,"birthDate":-460771200000}
{"id":228,"firstName":"Lane","lastName":null,"birthDate":-593740800000}
{"id":229,"firstName":"Nicole","lastName":null,"birthDate":-160704000000}
{"id":230,"firstName":"Slade","lastName":null,"birthDate":-267494400000}
{"id":231,"firstName":"Avye","lastName":null,"birthDate":-423878400000}
{"id":232,"firstName":"Colt","lastName":null,"birthDate":-432259200000}
{"id":233,"firstName":"Jena","lastName":null,"birthDate":139276800000}
{"id":234,"firstName":"Uriel","lastName":null,"birthDate":-474422400000}
{"id":235,"firstName":"Keane","lastName":null,"birthDate":-290390400000}
{"id":236,"firstName":"Leah","lastName":null,"birthDate":-570067200000}
{"id":237,"firstName":"Sydnee","lastName":null,"birthDate":-362534400000}
{"id":238,"firstName":"Ulysses","lastName":null,"birthDate":328665600000}
{"id":239,"firstName":"Sharon","lastName":null,"birthDate":-591926400000}
{"id":240,"firstName":"Frances","lastName":null,"birthDate":-566265600000}
{"id":241,"firstName":"Sierra","lastName":null,"birthDate":-538358400000}
{"id":242,"firstName":"Neve","lastName":null,"birthDate":614908800000}
{"id":243,"firstName":"Darrel","lastName":null,"birthDate":-548812800000}
{"id":244,"firstName":"Elliott","lastName":null,"birthDate":295747200000}
{"id":245,"firstName":"Quin","lastName":null,"birthDate":-479865600000}
{"id":246,"firstName":"September","lastName":null,"birthDate":-481334400000}
{"id":247,"firstName":"Carol","lastName":null,"birthDate":-549763200000}
{"id":248,"firstName":"Edan","lastName":null,"birthDate":502070400000}
{"id":249,"firstName":"Jenna","lastName":null,"birthDate":-573955200000}
{"id":250,"firstName":"Zahir","lastName":null,"birthDate":-105840000000}
{"id":251,"firstName":"Colton","lastName":null,"birthDate":586742400000}
{"id":252,"firstName":"Sean","lastName":null,"birthDate":-439862400000}
{"id":253,"firstName":"Hedwig","lastName":null,"birthDate":-482025600000}
{"id":254,"firstName":"Graiden","lastName":null,"birthDate":-187920000000}
{"id":255,"firstName":"Ira","lastName":null,"birthDate":277257600000}
{"id":256,"firstName":"MacKenzie","lastName":null,"birthDate":-176083200000}
{"id":257,"firstName":"Wanda","lastName":null,"birthDate":255916800000}
{"id":258,"firstName":"Hannah","lastName":null,"birthDate":534902400000}
{"id":259,"firstName":"Jessica","lastName":null,"birthDate":659577600000}
{"id":260,"firstName":"Damon","lastName":null,"birthDate":64713600000}
{"id":261,"firstName":"Madeline","lastName":null,"birthDate":149644800000}
{"id":262,"firstName":"Sybil","lastName":null,"birthDate":-314236800000}
{"id":263,"firstName":"Scott","lastName":null,"birthDate":438825600000}
{"id":264,"firstName":"Linda","lastName":null,"birthDate":-325296000000}
{"id":265,"firstName":"Allen","lastName":null,"birthDate":626054400000}
{"id":266,"firstName":"Giselle","lastName":null,"birthDate":591926400000}
{"id":267,"firstName":"Martha","lastName":null,"birthDate":208569600000}
{"id":268,"firstName":"Lila","lastName":null,"birthDate":-207792000000}
{"id":269,"firstName":"Ivana","lastName":null,"birthDate":-379123200000}
{"id":270,"firstName":"Grant","lastName":null,"birthDate":215136000000}
{"id":271,"firstName":"Belle","lastName":null,"birthDate":114825600000}
{"id":272,"firstName":"Cameran","lastName":null,"birthDate":106272000000}
{"id":273,"firstName":"Unity","lastName":null,"birthDate":535680000000}
{"id":274,"firstName":"Kaitlin","lastName":null,"birthDate":327196800000}
{"id":275,"firstName":"Joel","lastName":null,"birthDate":-478051200000}
{"id":276,"firstName":"Brian","lastName":null,"birthDate":637286400000}
{"id":277,"firstName":"Ocean","lastName":null,"birthDate":-344822400000}
{"id":278,"firstName":"Imani","lastName":null,"birthDate":-195264000000}
{"id":279,"firstName":"Celeste","lastName":null,"birthDate":-554860800000}
{"id":280,"firstName":"Kirby","lastName":null,"birthDate":-166320000000}
{"id":281,"firstName":"Rosalyn","lastName":null,"birthDate":66441600000}
{"id":282,"firstName":"Donna","lastName":null,"birthDate":498355200000}
{"id":283,"firstName":"Suki","lastName":null,"birthDate":476496000000}
{"id":284,"firstName":"Willow","lastName":null,"birthDate":80784000000}
{"id":285,"firstName":"Leandra","lastName":null,"birthDate":267408000000}
{"id":286,"firstName":"Aspen","lastName":null,"birthDate":117936000000}
{"id":287,"firstName":"Martha","lastName":null,"birthDate":183168000000}
{"id":288,"firstName":"Alexa","lastName":null,"birthDate":-408585600000}
{"id":289,"firstName":"Halla","lastName":null,"birthDate":-123033600000}
{"id":290,"firstName":"Martena","lastName":null,"birthDate":567648000000}
{"id":291,"firstName":"Quynn","lastName":null,"birthDate":558403200000}
{"id":292,"firstName":"Quynn","lastName":null,"birthDate":370224000000}
{"id":293,"firstName":"Joshua","lastName":null,"birthDate":-521769600000}
{"id":294,"firstName":"Stacey","lastName":null,"birthDate":42854400000}
{"id":295,"firstName":"Noble","lastName":null,"birthDate":252892800000}
{"id":296,"firstName":"Cyrus","lastName":null,"birthDate":369532800000}
{"id":297,"firstName":"Tyler","lastName":null,"birthDate":-598147200000}
{"id":298,"firstName":"Adrienne","lastName":null,"birthDate":-244512000000}
{"id":299,"firstName":"Carissa","lastName":null,"birthDate":442022400000}
{"id":300,"firstName":"Christopher","lastName":null,"birthDate":-287625600000}
{"id":301,"firstName":"Clark","lastName":null,"birthDate":-95990400000}
{"id":302,"firstName":"Dean","lastName":null,"birthDate":-62985600000}
{"id":303,"firstName":"Coby","lastName":null,"birthDate":-506131200000}
{"id":304,"firstName":"Whitney","lastName":null,"birthDate":136166400000}
{"id":305,"firstName":"Yoshi","lastName":null,"birthDate":-405993600000}
{"id":306,"firstName":"Rhoda","lastName":null,"birthDate":465264000000}
{"id":307,"firstName":"Cheyenne","lastName":null,"birthDate":-511920000000}
{"id":308,"firstName":"Piper","lastName":null,"birthDate":285638400000}
{"id":309,"firstName":"Jorden","lastName":null,"birthDate":424396800000}
{"id":310,"firstName":"Hilary","lastName":null,"birthDate":-364867200000}
{"id":311,"firstName":"Zephr","lastName":null,"birthDate":87609600000}
{"id":312,"firstName":"Barry","lastName":null,"birthDate":360028800000}
{"id":313,"firstName":"April","lastName":null,"birthDate":220924800000}
{"id":314,"firstName":"Kaseem","lastName":null,"birthDate":-463881600000}
{"id":315,"firstName":"Cathleen","lastName":null,"birthDate":-9331200000}
{"id":316,"firstName":"Mara","lastName":null,"birthDate":477360000000}
{"id":317,"firstName":"Nell","lastName":null,"birthDate":239846400000}
{"id":318,"firstName":"Preston","lastName":null,"birthDate":-437443200000}
{"id":319,"firstName":"Mohammad","lastName":null,"birthDate":-556243200000}
{"id":320,"firstName":"Rhiannon","lastName":null,"birthDate":-436060800000}
{"id":321,"firstName":"Bernard","lastName":null,"birthDate":621043200000}
{"id":322,"firstName":"Cole","lastName":null,"birthDate":-372816000000}
{"id":323,"firstName":"Adena","lastName":null,"birthDate":316396800000}
{"id":324,"firstName":"Carter","lastName":null,"birthDate":-44323200000}
{"id":325,"firstName":"Rosalyn","lastName":null,"birthDate":77846400000}
{"id":326,"firstName":"Sloane","lastName":null,"birthDate":412041600000}
{"id":327,"firstName":"Garrison","lastName":null,"birthDate":-311990400000}
{"id":328,"firstName":"Catherine","lastName":null,"birthDate":600134400000}
{"id":329,"firstName":"Jerome","lastName":null,"birthDate":212630400000}
{"id":330,"firstName":"Jared","lastName":null,"birthDate":-305856000000}
{"id":331,"firstName":"Andrew","lastName":null,"birthDate":216345600000}
{"id":332,"firstName":"Xyla","lastName":null,"birthDate":529977600000}
{"id":333,"firstName":"Nasim","lastName":null,"birthDate":313027200000}
{"id":334,"firstName":"Walter","lastName":null,"birthDate":-252633600000}
{"id":335,"firstName":"Tatum","lastName":null,"birthDate":-165456000000}
{"id":336,"firstName":"Elijah","lastName":null,"birthDate":-214099200000}
{"id":337,"firstName":"Elton","lastName":null,"birthDate":230428800000}
{"id":338,"firstName":"Kenneth","lastName":null,"birthDate":-238118400000}
{"id":339,"firstName":"Florence","lastName":null,"birthDate":-454204800000}
{"id":340,"firstName":"Arden","lastName":null,"birthDate":-328233600000}
{"id":341,"firstName":"Zenia","lastName":null,"birthDate":-33264000000}
{"id":342,"firstName":"Lillith","lastName":null,"birthDate":9504000000}
{"id":343,"firstName":"Murphy","lastName":null,"birthDate":-8726400000}
{"id":344,"firstName":"Caldwell","lastName":null,"birthDate":-253324800000}
{"id":345,"firstName":"Charles","lastName":null,"birthDate":-598665600000}
{"id":346,"firstName":"Jaden","lastName":null,"birthDate":119145600000}
{"id":347,"firstName":"Oleg","lastName":null,"birthDate":-440726400000}
{"id":348,"firstName":"Charles","lastName":null,"birthDate":-599011200000}
{"id":349,"firstName":"Whitney","lastName":null,"birthDate":-271641600000}
{"id":350,"firstName":"Macaulay","lastName":null,"birthDate":226972800000}
{"id":351,"firstName":"Sierra","lastName":null,"birthDate":365040000000}
{"id":352,"firstName":"Charlotte","lastName":null,"birthDate":292204800000}
{"id":353,"firstName":"Lillian","lastName":null,"birthDate":558057600000}
{"id":354,"firstName":"Ava","lastName":null,"birthDate":577065600000}
{"id":355,"firstName":"Cally","lastName":null,"birthDate":58320000000}
{"id":356,"firstName":"Giacomo","lastName":null,"birthDate":13737600000}
{"id":357,"firstName":"Gabriel","lastName":null,"birthDate":-2419200000}
{"id":358,"firstName":"Solomon","lastName":null,"birthDate":303782400000}
{"id":359,"firstName":"Hermione","lastName":null,"birthDate":-369187200000}
{"id":360,"firstName":"Phoebe","lastName":null,"birthDate":490147200000}
{"id":361,"firstName":"Keiko","lastName":null,"birthDate":-506044800000}
{"id":362,"firstName":"Herman","lastName":null,"birthDate":368236800000}
{"id":363,"firstName":"Cecilia","lastName":null,"birthDate":291772800000}
{"id":364,"firstName":"Gwendolyn","lastName":null,"birthDate":-194659200000}
{"id":365,"firstName":"Jonas","lastName":null,"birthDate":107740800000}
{"id":366,"firstName":"Whitney","lastName":null,"birthDate":-281404800000}
{"id":367,"firstName":"Ralph","lastName":null,"birthDate":41126400000}
{"id":368,"firstName":"Eve","lastName":null,"birthDate":439257600000}
{"id":369,"firstName":"Odysseus","lastName":null,"birthDate":387417600000}
{"id":370,"firstName":"Mechelle","lastName":null,"birthDate":634435200000}
{"id":371,"firstName":"Jesse","lastName":null,"birthDate":613440000000}
{"id":372,"firstName":"Martha","lastName":null,"birthDate":393033600000}
{"id":373,"firstName":"Emerald","lastName":null,"birthDate":-404697600000}
{"id":374,"firstName":"Rigel","lastName":null,"birthDate":-162086400000}
{"id":375,"firstName":"Meredith","lastName":null,"birthDate":586051200000}
{"id":376,"firstName":"Nevada","lastName":null,"birthDate":325123200000}
{"id":377,"firstName":"Casey","lastName":null,"birthDate":-382665600000}
{"id":378,"firstName":"Xerxes","lastName":null,"birthDate":569635200000}
{"id":379,"firstName":"Penelope","lastName":null,"birthDate":-342230400000}
{"id":380,"firstName":"Rooney","lastName":null,"birthDate":-198806400000}
{"id":381,"firstName":"Lamar","lastName":null,"birthDate":-168220800000}
{"id":382,"firstName":"Linda","lastName":null,"birthDate":569462400000}
{"id":383,"firstName":"Hanae","lastName":null,"birthDate":-553305600000}
{"id":384,"firstName":"Zane","lastName":null,"birthDate":-161827200000}
{"id":385,"firstName":"Aspen","lastName":null,"birthDate":-291168000000}
{"id":386,"firstName":"Samson","lastName":null,"birthDate":603158400000}
{"id":387,"firstName":"Jael","lastName":null,"birthDate":224294400000}
{"id":388,"firstName":"Marny","lastName":null,"birthDate":-343958400000}
{"id":389,"firstName":"Lael","lastName":null,"birthDate":-438825600000}
{"id":390,"firstName":"Blythe","lastName":null,"birthDate":-265075200000}
{"id":391,"firstName":"Keegan","lastName":null,"birthDate":198979200000}
{"id":392,"firstName":"Nathan","lastName":null,"birthDate":-92534400000}
{"id":393,"firstName":"Garth","lastName":null,"birthDate":-275356800000}
{"id":394,"firstName":"Flynn","lastName":null,"birthDate":591494400000}
{"id":395,"firstName":"Dara","lastName":null,"birthDate":314582400000}
{"id":396,"firstName":"Ira","lastName":null,"birthDate":100137600000}
{"id":397,"firstName":"Angela","lastName":null,"birthDate":416275200000}
{"id":398,"firstName":"Wilma","lastName":null,"birthDate":-300931200000}
{"id":399,"firstName":"Sandra","lastName":null,"birthDate":324691200000}
{"id":400,"firstName":"Amelia","lastName":null,"birthDate":74131200000}
{"id":401,"firstName":"Gemma","lastName":null,"birthDate":622598400000}
{"id":402,"firstName":"Orli","lastName":null,"birthDate":-339638400000}
{"id":403,"firstName":"Donovan","lastName":null,"birthDate":519350400000}
{"id":404,"firstName":"Dacey","lastName":null,"birthDate":327715200000}
{"id":405,"firstName":"Rebekah","lastName":null,"birthDate":-253238400000}
{"id":406,"firstName":"George","lastName":null,"birthDate":-127872000000}
{"id":407,"firstName":"Hadley","lastName":null,"birthDate":282268800000}
{"id":408,"firstName":"Cameran","lastName":null,"birthDate":-385257600000}
{"id":409,"firstName":"Ignacia","lastName":null,"birthDate":-529286400000}
{"id":410,"firstName":"Alvin","lastName":null,"birthDate":585619200000}
{"id":411,"firstName":"Aurora","lastName":null,"birthDate":-116726400000}
{"id":412,"firstName":"Gretchen","lastName":null,"birthDate":-34041600000}
{"id":413,"firstName":"Inga","lastName":null,"birthDate":-322358400000}
{"id":414,"firstName":"Aquila","lastName":null,"birthDate":508982400000}
{"id":415,"firstName":"Boris","lastName":null,"birthDate":-344995200000}
{"id":416,"firstName":"Channing","lastName":null,"birthDate":-535852800000}
{"id":417,"firstName":"Wyoming","lastName":null,"birthDate":-286934400000}
{"id":418,"firstName":"Veronica","lastName":null,"birthDate":241401600000}
{"id":419,"firstName":"David","lastName":null,"birthDate":71452800000}
{"id":420,"firstName":"Lillian","lastName":null,"birthDate":-412214400000}
{"id":421,"firstName":"Danielle","lastName":null,"birthDate":595987200000}
{"id":422,"firstName":"Mia","lastName":null,"birthDate":-248659200000}
{"id":423,"firstName":"Micah","lastName":null,"birthDate":170294400000}
{"id":424,"firstName":"Tad","lastName":null,"birthDate":558144000000}
{"id":425,"firstName":"Troy","lastName":null,"birthDate":475459200000}
{"id":426,"firstName":"Ila","lastName":null,"birthDate":-295056000000}
{"id":427,"firstName":"Kelly","lastName":null,"birthDate":-157766400000}
{"id":428,"firstName":"Walter","lastName":null,"birthDate":345081600000}
{"id":429,"firstName":"Lucius","lastName":null,"birthDate":418867200000}
{"id":430,"firstName":"Florence","lastName":null,"birthDate":-206409600000}
{"id":431,"firstName":"Priscilla","lastName":null,"birthDate":530582400000}
{"id":432,"firstName":"Joseph","lastName":null,"birthDate":478656000000}
{"id":433,"firstName":"Kellie","lastName":null,"birthDate":313200000000}
{"id":434,"firstName":"Hayden","lastName":null,"birthDate":-192153600000}
{"id":435,"firstName":"Xanthus","lastName":null,"birthDate":190944000000}
{"id":436,"firstName":"Shannon","lastName":null,"birthDate":-80352000000}
{"id":437,"firstName":"Kato","lastName":null,"birthDate":561686400000}
{"id":438,"firstName":"Molly","lastName":null,"birthDate":-318556800000}
{"id":439,"firstName":"Hermione","lastName":null,"birthDate":-508636800000}
{"id":440,"firstName":"Kevyn","lastName":null,"birthDate":430185600000}
{"id":441,"firstName":"Paloma","lastName":null,"birthDate":611625600000}
{"id":442,"firstName":"Tiger","lastName":null,"birthDate":-556848000000}
{"id":443,"firstName":"Willow","lastName":null,"birthDate":-116208000000}
{"id":444,"firstName":"Stephen","lastName":null,"birthDate":406252800000}
{"id":445,"firstName":"Curran","lastName":null,"birthDate":-236217600000}
{"id":446,"firstName":"Cathleen","lastName":null,"birthDate":-23414400000}
{"id":447,"firstName":"Vaughan","lastName":null,"birthDate":13996800000}
{"id":448,"firstName":"Grace","lastName":null,"birthDate":296956800000}
{"id":449,"firstName":"Ebony","lastName":null,"birthDate":321148800000}
{"id":450,"firstName":"Scott","lastName":null,"birthDate":187747200000}
{"id":451,"firstName":"Britanney","lastName":null,"birthDate":301104000000}
{"id":452,"firstName":"Lane","lastName":null,"birthDate":-167011200000}
{"id":453,"firstName":"Hyacinth","lastName":null,"birthDate":-336355200000}
{"id":454,"firstName":"Cailin","lastName":null,"birthDate":177379200000}
{"id":455,"firstName":"Craig","lastName":null,"birthDate":-118540800000}
{"id":456,"firstName":"Julian","lastName":null,"birthDate":-580089600000}
{"id":457,"firstName":"Yoko","lastName":null,"birthDate":-280800000000}
{"id":458,"firstName":"Aurora","lastName":null,"birthDate":-523584000000}
{"id":459,"firstName":"Ulric","lastName":null,"birthDate":-343872000000}
{"id":460,"firstName":"Lucius","lastName":null,"birthDate":261792000000}
{"id":461,"firstName":"Eve","lastName":null,"birthDate":365990400000}
{"id":462,"firstName":"Donovan","lastName":null,"birthDate":204768000000}
{"id":463,"firstName":"Idona","lastName":null,"birthDate":82512000000}
{"id":464,"firstName":"Mona","lastName":null,"birthDate":14515200000}
{"id":465,"firstName":"Dennis","lastName":null,"birthDate":-36288000000}
{"id":466,"firstName":"Beau","lastName":null,"birthDate":238377600000}
{"id":467,"firstName":"Willow","lastName":null,"birthDate":612316800000}
{"id":468,"firstName":"Alisa","lastName":null,"birthDate":83980800000}
{"id":469,"firstName":"Veronica","lastName":null,"birthDate":453859200000}
{"id":470,"firstName":"Martin","lastName":null,"birthDate":-340243200000}
{"id":471,"firstName":"Clinton","lastName":null,"birthDate":498787200000}
{"id":472,"firstName":"Darryl","lastName":null,"birthDate":-444960000000}
{"id":473,"firstName":"Len","lastName":null,"birthDate":-35683200000}
{"id":474,"firstName":"Axel","lastName":null,"birthDate":587520000000}
{"id":475,"firstName":"Rebecca","lastName":null,"birthDate":653184000000}
{"id":476,"firstName":"McKenzie","lastName":null,"birthDate":70934400000}
{"id":477,"firstName":"Russell","lastName":null,"birthDate":322012800000}
{"id":478,"firstName":"Emi","lastName":null,"birthDate":1987200000}
{"id":479,"firstName":"Merritt","lastName":null,"birthDate":61948800000}
{"id":480,"firstName":"Rafael","lastName":null,"birthDate":192585600000}
{"id":481,"firstName":"Ronan","lastName":null,"birthDate":592617600000}
{"id":482,"firstName":"Jerome","lastName":null,"birthDate":-150854400000}
{"id":483,"firstName":"Daryl","lastName":null,"birthDate":331171200000}
{"id":484,"firstName":"Zoe","lastName":null,"birthDate":-138412800000}
{"id":485,"firstName":"Cyrus","lastName":null,"birthDate":-242611200000}
{"id":486,"firstName":"Xaviera","lastName":null,"birthDate":227059200000}
{"id":487,"firstName":"Alfonso","lastName":null,"birthDate":133488000000}
{"id":488,"firstName":"Yolanda","lastName":null,"birthDate":473558400000}
{"id":489,"firstName":"Uta","lastName":null,"birthDate":359078400000}
{"id":490,"firstName":"Alexis","lastName":null,"birthDate":-93312000000}
{"id":491,"firstName":"Sybil","lastName":null,"birthDate":422064000000}
{"id":492,"firstName":"Nomlanga","lastName":null,"birthDate":572486400000}
{"id":493,"firstName":"Marshall","lastName":null,"birthDate":-359164800000}
{"id":494,"firstName":"Uriah","lastName":null,"birthDate":-153705600000}
{"id":495,"firstName":"Wesley","lastName":null,"birthDate":332380800000}
{"id":496,"firstName":"Kennedy","lastName":null,"birthDate":-437788800000}
{"id":497,"firstName":"April","lastName":null,"birthDate":-133142400000}
{"id":498,"firstName":"Alec","lastName":null,"birthDate":-39139200000}
{"id":499,"firstName":"Philip","lastName":null,"birthDate":-78883200000}
{"id":500,"firstName":"Reuben","lastName":null,"birthDate":-419212800000}
{"id":501,"firstName":"Kelly","lastName":null,"birthDate":547776000000}
{"id":502,"firstName":"Chadwick","lastName":null,"birthDate":-209779200000}
{"id":503,"firstName":"Justine","lastName":null,"birthDate":320630400000}
{"id":504,"firstName":"Elizabeth","lastName":null,"birthDate":-311385600000}
{"id":505,"firstName":"Elvis","lastName":null,"birthDate":-56246400000}
{"id":506,"firstName":"Miranda","lastName":null,"birthDate":531100800000}
{"id":507,"firstName":"Leila","lastName":null,"birthDate":399859200000}
{"id":508,"firstName":"Willow","lastName":null,"birthDate":-15292800000}
{"id":509,"firstName":"Jade","lastName":null,"birthDate":360374400000}
{"id":510,"firstName":"Abigail","lastName":null,"birthDate":-32659200000}
{"id":511,"firstName":"Quail","lastName":null,"birthDate":445392000000}
{"id":512,"firstName":"Martena","lastName":null,"birthDate":420422400000}
{"id":513,"firstName":"Moses","lastName":null,"birthDate":-34214400000}
{"id":514,"firstName":"Meghan","lastName":null,"birthDate":-267667200000}
{"id":515,"firstName":"Whoopi","lastName":null,"birthDate":468201600000}
{"id":516,"firstName":"Darryl","lastName":null,"birthDate":404784000000}
{"id":517,"firstName":"Dorothy","lastName":null,"birthDate":648259200000}
{"id":518,"firstName":"Ashton","lastName":null,"birthDate":-310348800000}
{"id":519,"firstName":"Cassandra","lastName":null,"birthDate":-387590400000}
{"id":520,"firstName":"Martin","lastName":null,"birthDate":-378604800000}
{"id":521,"firstName":"Cedric","lastName":null,"birthDate":217209600000}
{"id":522,"firstName":"Marny","lastName":null,"birthDate":-115430400000}
{"id":523,"firstName":"Ina","lastName":null,"birthDate":13132800000}
{"id":524,"firstName":"Keiko","lastName":null,"birthDate":350524800000}
{"id":525,"firstName":"Reese","lastName":null,"birthDate":105408000000}
{"id":526,"firstName":"Dana","lastName":null,"birthDate":-368496000000}
{"id":527,"firstName":"Nathaniel","lastName":null,"birthDate":-194918400000}
{"id":528,"firstName":"Lucius","lastName":null,"birthDate":-282614400000}
{"id":529,"firstName":"Glenna","lastName":null,"birthDate":-497404800000}
{"id":530,"firstName":"Finn","lastName":null,"birthDate":-168566400000}
{"id":531,"firstName":"Barrett","lastName":null,"birthDate":618537600000}
{"id":532,"firstName":"Susan","lastName":null,"birthDate":349056000000}
{"id":533,"firstName":"Carly","lastName":null,"birthDate":-256003200000}
{"id":534,"firstName":"Hilel","lastName":null,"birthDate":-263606400000}
{"id":535,"firstName":"Yvonne","lastName":null,"birthDate":68428800000}
{"id":536,"firstName":"Karina","lastName":null,"birthDate":-276912000000}
{"id":537,"firstName":"Shana","lastName":null,"birthDate":-544579200000}
{"id":538,"firstName":"Walter","lastName":null,"birthDate":517276800000}
{"id":539,"firstName":"Mark","lastName":null,"birthDate":475545600000}
{"id":540,"firstName":"Hammett","lastName":null,"birthDate":639187200000}
{"id":541,"firstName":"Zenaida","lastName":null,"birthDate":508982400000}
{"id":542,"firstName":"Richard","lastName":null,"birthDate":324777600000}
{"id":543,"firstName":"Jocelyn","lastName":null,"birthDate":419731200000}
{"id":544,"firstName":"Sacha","lastName":null,"birthDate":390268800000}
{"id":545,"firstName":"Sloane","lastName":null,"birthDate":-369187200000}
{"id":546,"firstName":"Bree","lastName":null,"birthDate":363571200000}
{"id":547,"firstName":"Yoshio","lastName":null,"birthDate":-34646400000}
{"id":548,"firstName":"Lamar","lastName":null,"birthDate":-221529600000}
{"id":549,"firstName":"Kirestin","lastName":null,"birthDate":-277344000000}
{"id":550,"firstName":"Reese","lastName":null,"birthDate":586569600000}
{"id":551,"firstName":"Victoria","lastName":null,"birthDate":94521600000}
{"id":552,"firstName":"Unity","lastName":null,"birthDate":571881600000}
{"id":553,"firstName":"Tatiana","lastName":null,"birthDate":386985600000}
{"id":554,"firstName":"Emily","lastName":null,"birthDate":-194400000000}
{"id":555,"firstName":"Brent","lastName":null,"birthDate":506908800000}
{"id":556,"firstName":"Jordan","lastName":null,"birthDate":553651200000}
{"id":557,"firstName":"Arthur","lastName":null,"birthDate":640310400000}
{"id":558,"firstName":"Driscoll","lastName":null,"birthDate":339379200000}
{"id":559,"firstName":"Deirdre","lastName":null,"birthDate":614908800000}
{"id":560,"firstName":"Fredericka","lastName":null,"birthDate":541900800000}
{"id":561,"firstName":"Katelyn","lastName":null,"birthDate":-407203200000}
{"id":562,"firstName":"Otto","lastName":null,"birthDate":137721600000}
{"id":563,"firstName":"Jaime","lastName":null,"birthDate":-305942400000}
{"id":564,"firstName":"Hiroko","lastName":null,"birthDate":74736000000}
{"id":565,"firstName":"Allen","lastName":null,"birthDate":-40348800000}
{"id":566,"firstName":"Taylor","lastName":null,"birthDate":123811200000}
{"id":567,"firstName":"Kareem","lastName":null,"birthDate":-52358400000}
{"id":568,"firstName":"Jonah","lastName":null,"birthDate":-587865600000}
{"id":569,"firstName":"Bruno","lastName":null,"birthDate":167616000000}
{"id":570,"firstName":"Shelley","lastName":null,"birthDate":567129600000}
{"id":571,"firstName":"Baxter","lastName":null,"birthDate":-58752000000}
{"id":572,"firstName":"Daryl","lastName":null,"birthDate":-274665600000}
{"id":573,"firstName":"Ainsley","lastName":null,"birthDate":-237945600000}
{"id":574,"firstName":"Allen","lastName":null,"birthDate":21254400000}
{"id":575,"firstName":"Wade","lastName":null,"birthDate":-19440000000}
{"id":576,"firstName":"Palmer","lastName":null,"birthDate":489196800000}
{"id":577,"firstName":"Lysandra","lastName":null,"birthDate":-291081600000}
{"id":578,"firstName":"Hilary","lastName":null,"birthDate":-374630400000}
{"id":579,"firstName":"Leah","lastName":null,"birthDate":489024000000}
{"id":580,"firstName":"Kim","lastName":null,"birthDate":335923200000}
{"id":581,"firstName":"Ivor","lastName":null,"birthDate":-204336000000}
{"id":582,"firstName":"Yael","lastName":null,"birthDate":658368000000}
{"id":583,"firstName":"Cynthia","lastName":null,"birthDate":-541209600000}
{"id":584,"firstName":"Lavinia","lastName":null,"birthDate":373680000000}
{"id":585,"firstName":"Raya","lastName":null,"birthDate":-38361600000}
{"id":586,"firstName":"Ivana","lastName":null,"birthDate":285552000000}
{"id":587,"firstName":"Stephanie","lastName":null,"birthDate":-181180800000}
{"id":588,"firstName":"Deborah","lastName":null,"birthDate":381369600000}
{"id":589,"firstName":"Anne","lastName":null,"birthDate":499392000000}
{"id":590,"firstName":"Beverly","lastName":null,"birthDate":444528000000}
{"id":591,"firstName":"Dalton","lastName":null,"birthDate":-255830400000}
{"id":592,"firstName":"Sasha","lastName":null,"birthDate":-419299200000}
{"id":593,"firstName":"Teegan","lastName":null,"birthDate":-359942400000}
{"id":594,"firstName":"Amelia","lastName":null,"birthDate":649641600000}
{"id":595,"firstName":"Brenna","lastName":null,"birthDate":-511056000000}
{"id":596,"firstName":"Jackson","lastName":null,"birthDate":-416448000000}
{"id":597,"firstName":"Blaze","lastName":null,"birthDate":-33868800000}
{"id":598,"firstName":"Amber","lastName":null,"birthDate":88387200000}
{"id":599,"firstName":"Azalia","lastName":null,"birthDate":409017600000}
{"id":600,"firstName":"Zelenia","lastName":null,"birthDate":394416000000}
{"id":601,"firstName":"Thomas","lastName":null,"birthDate":-477014400000}
{"id":602,"firstName":"Kevyn","lastName":null,"birthDate":464486400000}
{"id":603,"firstName":"Marny","lastName":null,"birthDate":455587200000}
{"id":604,"firstName":"Jarrod","lastName":null,"birthDate":-300758400000}
{"id":605,"firstName":"Chastity","lastName":null,"birthDate":177120000000}
{"id":606,"firstName":"Remedios","lastName":null,"birthDate":-69638400000}
{"id":607,"firstName":"Martina","lastName":null,"birthDate":626659200000}
{"id":608,"firstName":"Ulla","lastName":null,"birthDate":-430012800000}
{"id":609,"firstName":"Flavia","lastName":null,"birthDate":191203200000}
{"id":610,"firstName":"Sydnee","lastName":null,"birthDate":285724800000}
{"id":611,"firstName":"Adara","lastName":null,"birthDate":-475113600000}
{"id":612,"firstName":"Martin","lastName":null,"birthDate":-138931200000}
{"id":613,"firstName":"Carla","lastName":null,"birthDate":433296000000}
{"id":614,"firstName":"Alea","lastName":null,"birthDate":-398736000000}
{"id":615,"firstName":"Maite","lastName":null,"birthDate":627436800000}
{"id":616,"firstName":"Alan","lastName":null,"birthDate":88387200000}
{"id":617,"firstName":"Kiona","lastName":null,"birthDate":633139200000}
{"id":618,"firstName":"Octavius","lastName":null,"birthDate":648259200000}
{"id":619,"firstName":"Yvonne","lastName":null,"birthDate":251251200000}
{"id":620,"firstName":"Kieran","lastName":null,"birthDate":-252720000000}
{"id":621,"firstName":"Selma","lastName":null,"birthDate":380505600000}
{"id":622,"firstName":"Burton","lastName":null,"birthDate":302832000000}
{"id":623,"firstName":"Kaitlin","lastName":null,"birthDate":643161600000}
{"id":624,"firstName":"Madison","lastName":null,"birthDate":-101433600000}
{"id":625,"firstName":"Erich","lastName":null,"birthDate":-485827200000}
{"id":626,"firstName":"Joshua","lastName":null,"birthDate":134006400000}
{"id":627,"firstName":"Eliana","lastName":null,"birthDate":127094400000}
{"id":628,"firstName":"Giacomo","lastName":null,"birthDate":-294969600000}
{"id":629,"firstName":"Donna","lastName":null,"birthDate":-348796800000}
{"id":630,"firstName":"Cedric","lastName":null,"birthDate":644976000000}
{"id":631,"firstName":"Xantha","lastName":null,"birthDate":-357004800000}
{"id":632,"firstName":"Rhona","lastName":null,"birthDate":560304000000}
{"id":633,"firstName":"Beverly","lastName":null,"birthDate":548899200000}
{"id":634,"firstName":"Cailin","lastName":null,"birthDate":165196800000}
{"id":635,"firstName":"Tanek","lastName":null,"birthDate":-69811200000}
{"id":636,"firstName":"Quinn","lastName":null,"birthDate":-216432000000}
{"id":637,"firstName":"Declan","lastName":null,"birthDate":-193449600000}
{"id":638,"firstName":"Lysandra","lastName":null,"birthDate":-180662400000}
{"id":639,"firstName":"Allistair","lastName":null,"birthDate":-212457600000}
{"id":640,"firstName":"Rylee","lastName":null,"birthDate":-375840000000}
{"id":641,"firstName":"Neve","lastName":null,"birthDate":-595900800000}
{"id":642,"firstName":"Kevin","lastName":null,"birthDate":-381628800000}
{"id":643,"firstName":"Wallace","lastName":null,"birthDate":-321494400000}
{"id":644,"firstName":"Patience","lastName":null,"birthDate":80524800000}
{"id":645,"firstName":"Carla","lastName":null,"birthDate":-214963200000}
{"id":646,"firstName":"Fallon","lastName":null,"birthDate":-309052800000}
{"id":647,"firstName":"Stephen","lastName":null,"birthDate":-118886400000}
{"id":648,"firstName":"Katell","lastName":null,"birthDate":656553600000}
{"id":649,"firstName":"Tyler","lastName":null,"birthDate":-406944000000}
{"id":650,"firstName":"Kessie","lastName":null,"birthDate":163900800000}
{"id":651,"firstName":"Stewart","lastName":null,"birthDate":404265600000}
{"id":652,"firstName":"Kitra","lastName":null,"birthDate":-314582400000}
{"id":653,"firstName":"Ivor","lastName":null,"birthDate":-509328000000}
{"id":654,"firstName":"Dane","lastName":null,"birthDate":-418694400000}
{"id":655,"firstName":"Silas","lastName":null,"birthDate":-600393600000}
{"id":656,"firstName":"Avram","lastName":null,"birthDate":601257600000}
{"id":657,"firstName":"Joan","lastName":null,"birthDate":-116553600000}
{"id":658,"firstName":"Kennan","lastName":null,"birthDate":524793600000}
{"id":659,"firstName":"Sebastian","lastName":null,"birthDate":-303177600000}
{"id":660,"firstName":"Armand","lastName":null,"birthDate":452995200000}
{"id":661,"firstName":"Edward","lastName":null,"birthDate":-390009600000}
{"id":662,"firstName":"Donovan","lastName":null,"birthDate":-266976000000}
{"id":663,"firstName":"Aurora","lastName":null,"birthDate":105580800000}
{"id":664,"firstName":"Cailin","lastName":null,"birthDate":-327888000000}
{"id":665,"firstName":"Cade","lastName":null,"birthDate":471484800000}
{"id":666,"firstName":"Shoshana","lastName":null,"birthDate":-389664000000}
{"id":667,"firstName":"Maggy","lastName":null,"birthDate":-452995200000}
{"id":668,"firstName":"Bradley","lastName":null,"birthDate":-128131200000}
{"id":669,"firstName":"Carlos","lastName":null,"birthDate":-191376000000}
{"id":670,"firstName":"Julian","lastName":null,"birthDate":403660800000}
{"id":671,"firstName":"Colby","lastName":null,"birthDate":651715200000}
{"id":672,"firstName":"Allegra","lastName":null,"birthDate":583632000000}
{"id":673,"firstName":"Melinda","lastName":null,"birthDate":286675200000}
{"id":674,"firstName":"Wayne","lastName":null,"birthDate":411782400000}
{"id":675,"firstName":"Vivian","lastName":null,"birthDate":329961600000}
{"id":676,"firstName":"Gary","lastName":null,"birthDate":333936000000}
{"id":677,"firstName":"Seth","lastName":null,"birthDate":30585600000}
{"id":678,"firstName":"Noble","lastName":null,"birthDate":-318902400000}
{"id":679,"firstName":"Yeo","lastName":null,"birthDate":-73699200000}
{"id":680,"firstName":"Ingrid","lastName":null,"birthDate":-496627200000}
{"id":681,"firstName":"Vaughan","lastName":null,"birthDate":83635200000}
{"id":682,"firstName":"Ima","lastName":null,"birthDate":-469152000000}
{"id":683,"firstName":"Kaitlin","lastName":null,"birthDate":-273110400000}
{"id":684,"firstName":"Nichole","lastName":null,"birthDate":535507200000}
{"id":685,"firstName":"Lesley","lastName":null,"birthDate":-361497600000}
{"id":686,"firstName":"Tyler","lastName":null,"birthDate":-26092800000}
{"id":687,"firstName":"Branden","lastName":null,"birthDate":98236800000}
{"id":688,"firstName":"Kerry","lastName":null,"birthDate":-283564800000}
{"id":689,"firstName":"Ariel","lastName":null,"birthDate":102729600000}
{"id":690,"firstName":"Thor","lastName":null,"birthDate":215481600000}
{"id":691,"firstName":"Quincy","lastName":null,"birthDate":490147200000}
{"id":692,"firstName":"Whilemina","lastName":null,"birthDate":260928000000}
{"id":693,"firstName":"Zia","lastName":null,"birthDate":368755200000}
{"id":694,"firstName":"Quemby","lastName":null,"birthDate":-351561600000}
{"id":695,"firstName":"Francis","lastName":null,"birthDate":315619200000}
{"id":696,"firstName":"Janna","lastName":null,"birthDate":-301190400000}
{"id":697,"firstName":"Joelle","lastName":null,"birthDate":351302400000}
{"id":698,"firstName":"Castor","lastName":null,"birthDate":483235200000}
{"id":699,"firstName":"Bell","lastName":null,"birthDate":-572054400000}
{"id":700,"firstName":"Hall","lastName":null,"birthDate":538790400000}
{"id":701,"firstName":"Wade","lastName":null,"birthDate":21340800000}
{"id":702,"firstName":"Jana","lastName":null,"birthDate":262483200000}
{"id":703,"firstName":"Winter","lastName":null,"birthDate":-216950400000}
{"id":704,"firstName":"Melanie","lastName":null,"birthDate":-107395200000}
{"id":705,"firstName":"Meghan","lastName":null,"birthDate":-600480000000}
{"id":706,"firstName":"Byron","lastName":null,"birthDate":226454400000}
{"id":707,"firstName":"Shaeleigh","lastName":null,"birthDate":283392000000}
{"id":708,"firstName":"Noelani","lastName":null,"birthDate":378086400000}
{"id":709,"firstName":"Kristen","lastName":null,"birthDate":-477705600000}
{"id":710,"firstName":"Quon","lastName":null,"birthDate":576115200000}
{"id":711,"firstName":"Hedwig","lastName":null,"birthDate":242438400000}
{"id":712,"firstName":"Brock","lastName":null,"birthDate":-381974400000}
{"id":713,"firstName":"Lisandra","lastName":null,"birthDate":308534400000}
{"id":714,"firstName":"Reed","lastName":null,"birthDate":-384480000000}
{"id":715,"firstName":"Rhonda","lastName":null,"birthDate":312076800000}
{"id":716,"firstName":"Moana","lastName":null,"birthDate":353203200000}
{"id":717,"firstName":"Isadora","lastName":null,"birthDate":334886400000}
{"id":718,"firstName":"Sonia","lastName":null,"birthDate":77760000000}
{"id":719,"firstName":"Keegan","lastName":null,"birthDate":-125539200000}
{"id":720,"firstName":"Asher","lastName":null,"birthDate":585014400000}
{"id":721,"firstName":"Prescott","lastName":null,"birthDate":219888000000}
{"id":722,"firstName":"Rafael","lastName":null,"birthDate":-186019200000}
{"id":723,"firstName":"Xenos","lastName":null,"birthDate":306028800000}
{"id":724,"firstName":"Xaviera","lastName":null,"birthDate":-141696000000}
{"id":725,"firstName":"Latifah","lastName":null,"birthDate":552182400000}
{"id":726,"firstName":"Amena","lastName":null,"birthDate":77932800000}
{"id":727,"firstName":"Tatiana","lastName":null,"birthDate":-362361600000}
{"id":728,"firstName":"Jelani","lastName":null,"birthDate":-159840000000}
{"id":729,"firstName":"Pascale","lastName":null,"birthDate":-222048000000}
{"id":730,"firstName":"Zeph","lastName":null,"birthDate":-41731200000}
{"id":731,"firstName":"Laith","lastName":null,"birthDate":-280800000000}
{"id":732,"firstName":"Bevis","lastName":null,"birthDate":273628800000}
{"id":733,"firstName":"Jonah","lastName":null,"birthDate":-449971200000}
{"id":734,"firstName":"Lynn","lastName":null,"birthDate":657072000000}
{"id":735,"firstName":"Tashya","lastName":null,"birthDate":-296006400000}
{"id":736,"firstName":"Noelani","lastName":null,"birthDate":395280000000}
{"id":737,"firstName":"Bruno","lastName":null,"birthDate":477446400000}
{"id":738,"firstName":"Risa","lastName":null,"birthDate":170467200000}
{"id":739,"firstName":"Stacy","lastName":null,"birthDate":-3628800000}
{"id":740,"firstName":"Justine","lastName":null,"birthDate":-584064000000}
{"id":741,"firstName":"Myra","lastName":null,"birthDate":-290131200000}
{"id":742,"firstName":"Castor","lastName":null,"birthDate":143337600000}
{"id":743,"firstName":"Bradley","lastName":null,"birthDate":500601600000}
{"id":744,"firstName":"Cameran","lastName":null,"birthDate":483321600000}
{"id":745,"firstName":"Helen","lastName":null,"birthDate":557107200000}
{"id":746,"firstName":"Cooper","lastName":null,"birthDate":37411200000}
{"id":747,"firstName":"Alec","lastName":null,"birthDate":318729600000}
{"id":748,"firstName":"Kylan","lastName":null,"birthDate":13305600000}
{"id":749,"firstName":"Kelsey","lastName":null,"birthDate":7516800000}
{"id":750,"firstName":"Willa","lastName":null,"birthDate":545702400000}
{"id":751,"firstName":"Shea","lastName":null,"birthDate":651801600000}
{"id":752,"firstName":"Rinah","lastName":null,"birthDate":-355449600000}
{"id":753,"firstName":"Todd","lastName":null,"birthDate":-44064000000}
{"id":754,"firstName":"Nora","lastName":null,"birthDate":276739200000}
{"id":755,"firstName":"Lewis","lastName":null,"birthDate":-173923200000}
{"id":756,"firstName":"Charles","lastName":null,"birthDate":-262656000000}
{"id":757,"firstName":"Grady","lastName":null,"birthDate":259804800000}
{"id":758,"firstName":"Petra","lastName":null,"birthDate":168566400000}
{"id":759,"firstName":"Wesley","lastName":null,"birthDate":382233600000}
{"id":760,"firstName":"Arsenio","lastName":null,"birthDate":306806400000}
{"id":761,"firstName":"Wylie","lastName":null,"birthDate":-584409600000}
{"id":762,"firstName":"Kendall","lastName":null,"birthDate":-136598400000}
{"id":763,"firstName":"Jacob","lastName":null,"birthDate":-487209600000}
{"id":764,"firstName":"Ciaran","lastName":null,"birthDate":71193600000}
{"id":765,"firstName":"Chester","lastName":null,"birthDate":-99964800000}
{"id":766,"firstName":"Lance","lastName":null,"birthDate":605664000000}
{"id":767,"firstName":"Justin","lastName":null,"birthDate":-227232000000}
{"id":768,"firstName":"Chancellor","lastName":null,"birthDate":428544000000}
{"id":769,"firstName":"Juliet","lastName":null,"birthDate":-470966400000}
{"id":770,"firstName":"Karyn","lastName":null,"birthDate":475286400000}
{"id":771,"firstName":"Scarlett","lastName":null,"birthDate":-414460800000}
{"id":772,"firstName":"Jakeem","lastName":null,"birthDate":-371952000000}
{"id":773,"firstName":"Vivian","lastName":null,"birthDate":-397526400000}
{"id":774,"firstName":"Jolie","lastName":null,"birthDate":586310400000}
{"id":775,"firstName":"Nissim","lastName":null,"birthDate":257731200000}
{"id":776,"firstName":"Ronan","lastName":null,"birthDate":-582336000000}
{"id":777,"firstName":"Ruth","lastName":null,"birthDate":-78105600000}
{"id":778,"firstName":"Kyra","lastName":null,"birthDate":-539481600000}
{"id":779,"firstName":"Meghan","lastName":null,"birthDate":-582336000000}
{"id":780,"firstName":"Martena","lastName":null,"birthDate":527990400000}
{"id":781,"firstName":"Julie","lastName":null,"birthDate":65750400000}
{"id":782,"firstName":"Leslie","lastName":null,"birthDate":144374400000}
{"id":783,"firstName":"Lucius","lastName":null,"birthDate":-145584000000}
{"id":784,"firstName":"Leilani","lastName":null,"birthDate":-184204800000}
{"id":785,"firstName":"Neve","lastName":null,"birthDate":-119491200000}
{"id":786,"firstName":"Cheyenne","lastName":null,"birthDate":-100137600000}
{"id":787,"firstName":"Daquan","lastName":null,"birthDate":299635200000}
{"id":788,"firstName":"Calista","lastName":null,"birthDate":525312000000}
{"id":789,"firstName":"Phoebe","lastName":null,"birthDate":170294400000}
{"id":790,"firstName":"Neve","lastName":null,"birthDate":54950400000}
{"id":791,"firstName":"Geraldine","lastName":null,"birthDate":313200000000}
{"id":792,"firstName":"Sophia","lastName":null,"birthDate":-175219200000}
{"id":793,"firstName":"Cedric","lastName":null,"birthDate":-99532800000}
{"id":794,"firstName":"Dorian","lastName":null,"birthDate":-8640000000}
{"id":795,"firstName":"Autumn","lastName":null,"birthDate":134179200000}
{"id":796,"firstName":"Maxwell","lastName":null,"birthDate":70243200000}
{"id":797,"firstName":"Reese","lastName":null,"birthDate":544665600000}
{"id":798,"firstName":"Sybill","lastName":null,"birthDate":-533174400000}
{"id":799,"firstName":"Lawrence","lastName":null,"birthDate":-173836800000}
{"id":800,"firstName":"Imogene","lastName":null,"birthDate":-101174400000}
{"id":801,"firstName":"Mira","lastName":null,"birthDate":-183686400000}
{"id":802,"firstName":"Silas","lastName":null,"birthDate":-527904000000}
{"id":803,"firstName":"Paloma","lastName":null,"birthDate":-238377600000}
{"id":804,"firstName":"Dillon","lastName":null,"birthDate":464054400000}
{"id":805,"firstName":"Jarrod","lastName":null,"birthDate":156729600000}
{"id":806,"firstName":"Quintessa","lastName":null,"birthDate":-567820800000}
{"id":807,"firstName":"Lucas","lastName":null,"birthDate":110937600000}
{"id":808,"firstName":"Karly","lastName":null,"birthDate":521078400000}
{"id":809,"firstName":"Jacqueline","lastName":null,"birthDate":433209600000}
{"id":810,"firstName":"Brock","lastName":null,"birthDate":184982400000}
{"id":811,"firstName":"Jaden","lastName":null,"birthDate":-291081600000}
{"id":812,"firstName":"Buffy","lastName":null,"birthDate":190857600000}
{"id":813,"firstName":"Reed","lastName":null,"birthDate":534038400000}
{"id":814,"firstName":"Olivia","lastName":null,"birthDate":203385600000}
{"id":815,"firstName":"Aimee","lastName":null,"birthDate":-257299200000}
{"id":816,"firstName":"Iola","lastName":null,"birthDate":-313027200000}
{"id":817,"firstName":"Camilla","lastName":null,"birthDate":501897600000}
{"id":818,"firstName":"Gloria","lastName":null,"birthDate":-1987200000}
{"id":819,"firstName":"Rinah","lastName":null,"birthDate":-468201600000}
{"id":820,"firstName":"Emery","lastName":null,"birthDate":-508809600000}
{"id":821,"firstName":"Desiree","lastName":null,"birthDate":312854400000}
{"id":822,"firstName":"Pamela","lastName":null,"birthDate":-360115200000}
{"id":823,"firstName":"Odessa","lastName":null,"birthDate":-569116800000}
{"id":824,"firstName":"Tanek","lastName":null,"birthDate":-362880000000}
{"id":825,"firstName":"Gareth","lastName":null,"birthDate":507254400000}
{"id":826,"firstName":"Vielka","lastName":null,"birthDate":585964800000}
{"id":827,"firstName":"September","lastName":null,"birthDate":437011200000}
{"id":828,"firstName":"Lavinia","lastName":null,"birthDate":505008000000}
{"id":829,"firstName":"Stone","lastName":null,"birthDate":5961600000}
{"id":830,"firstName":"Lucas","lastName":null,"birthDate":354326400000}
{"id":831,"firstName":"Yen","lastName":null,"birthDate":-367459200000}
{"id":832,"firstName":"Nadine","lastName":null,"birthDate":227404800000}
{"id":833,"firstName":"Mikayla","lastName":null,"birthDate":-408067200000}
{"id":834,"firstName":"Logan","lastName":null,"birthDate":153446400000}
{"id":835,"firstName":"Ella","lastName":null,"birthDate":258768000000}
{"id":836,"firstName":"Zia","lastName":null,"birthDate":590025600000}
{"id":837,"firstName":"Mason","lastName":null,"birthDate":-115603200000}
{"id":838,"firstName":"Jeanette","lastName":null,"birthDate":-86400000}
{"id":839,"firstName":"Dana","lastName":null,"birthDate":548035200000}
{"id":840,"firstName":"Barrett","lastName":null,"birthDate":107568000000}
{"id":841,"firstName":"Leilani","lastName":null,"birthDate":278553600000}
{"id":842,"firstName":"Sade","lastName":null,"birthDate":-230601600000}
{"id":843,"firstName":"Gillian","lastName":null,"birthDate":-4320000000}
{"id":844,"firstName":"Brynne","lastName":null,"birthDate":398822400000}
{"id":845,"firstName":"Clare","lastName":null,"birthDate":-345600000000}
{"id":846,"firstName":"Flavia","lastName":null,"birthDate":-440121600000}
{"id":847,"firstName":"Thaddeus","lastName":null,"birthDate":180230400000}
{"id":848,"firstName":"Herrod","lastName":null,"birthDate":216604800000}
{"id":849,"firstName":"Brendan","lastName":null,"birthDate":-459216000000}
{"id":850,"firstName":"Ulla","lastName":null,"birthDate":-135993600000}
{"id":851,"firstName":"Aiko","lastName":null,"birthDate":156643200000}
{"id":852,"firstName":"Burton","lastName":null,"birthDate":399686400000}
{"id":853,"firstName":"Ashely","lastName":null,"birthDate":162172800000}
{"id":854,"firstName":"Chaim","lastName":null,"birthDate":40176000000}
{"id":855,"firstName":"Anika","lastName":null,"birthDate":-410486400000}
{"id":856,"firstName":"Leandra","lastName":null,"birthDate":-151286400000}
{"id":857,"firstName":"Nasim","lastName":null,"birthDate":248227200000}
{"id":858,"firstName":"Tiger","lastName":null,"birthDate":-128044800000}
{"id":859,"firstName":"Summer","lastName":null,"birthDate":-322876800000}
{"id":860,"firstName":"Kevyn","lastName":null,"birthDate":-543196800000}
{"id":861,"firstName":"Brady","lastName":null,"birthDate":461808000000}
{"id":862,"firstName":"Brian","lastName":null,"birthDate":-70675200000}
{"id":863,"firstName":"Kalia","lastName":null,"birthDate":551318400000}
{"id":864,"firstName":"Carlos","lastName":null,"birthDate":-89856000000}
{"id":865,"firstName":"Driscoll","lastName":null,"birthDate":-2332800000}
{"id":866,"firstName":"Laith","lastName":null,"birthDate":-333158400000}
{"id":867,"firstName":"Dale","lastName":null,"birthDate":257212800000}
{"id":868,"firstName":"Hu","lastName":null,"birthDate":-415670400000}
{"id":869,"firstName":"Tyrone","lastName":null,"birthDate":528595200000}
{"id":870,"firstName":"Tad","lastName":null,"birthDate":-211161600000}
{"id":871,"firstName":"Chaim","lastName":null,"birthDate":-35510400000}
{"id":872,"firstName":"Sage","lastName":null,"birthDate":315273600000}
{"id":873,"firstName":"Cruz","lastName":null,"birthDate":-412473600000}
{"id":874,"firstName":"Nissim","lastName":null,"birthDate":476841600000}
{"id":875,"firstName":"Malcolm","lastName":null,"birthDate":24451200000}
{"id":876,"firstName":"Sebastian","lastName":null,"birthDate":454291200000}
{"id":877,"firstName":"Honorato","lastName":null,"birthDate":524275200000}
{"id":878,"firstName":"Dorothy","lastName":null,"birthDate":203472000000}
{"id":879,"firstName":"Quintessa","lastName":null,"birthDate":402537600000}
{"id":880,"firstName":"Deacon","lastName":null,"birthDate":230860800000}
{"id":881,"firstName":"Ian","lastName":null,"birthDate":-140659200000}
{"id":882,"firstName":"Naida","lastName":null,"birthDate":-329184000000}
{"id":883,"firstName":"Giacomo","lastName":null,"birthDate":-344044800000}
{"id":884,"firstName":"Raven","lastName":null,"birthDate":-241488000000}
{"id":885,"firstName":"Myra","lastName":null,"birthDate":186364800000}
{"id":886,"firstName":"Medge","lastName":null,"birthDate":533520000000}
{"id":887,"firstName":"Barry","lastName":null,"birthDate":-573004800000}
{"id":888,"firstName":"Alvin","lastName":null,"birthDate":-398217600000}
{"id":889,"firstName":"Aimee","lastName":null,"birthDate":260841600000}
{"id":890,"firstName":"Honorato","lastName":null,"birthDate":397526400000}
{"id":891,"firstName":"Avye","lastName":null,"birthDate":-237168000000}
{"id":892,"firstName":"Dane","lastName":null,"birthDate":571968000000}
{"id":893,"firstName":"Susan","lastName":null,"birthDate":70848000000}
{"id":894,"firstName":"Derek","lastName":null,"birthDate":-18489600000}
{"id":895,"firstName":"Angela","lastName":null,"birthDate":85968000000}
{"id":896,"firstName":"Helen","lastName":null,"birthDate":439516800000}
{"id":897,"firstName":"Dieter","lastName":null,"birthDate":-569289600000}
{"id":898,"firstName":"Chase","lastName":null,"birthDate":539136000000}
{"id":899,"firstName":"Simone","lastName":null,"birthDate":-363916800000}
{"id":900,"firstName":"Ocean","lastName":null,"birthDate":154483200000}
{"id":901,"firstName":"Harriet","lastName":null,"birthDate":231552000000}
{"id":902,"firstName":"Eleanor","lastName":null,"birthDate":418003200000}
{"id":903,"firstName":"Alika","lastName":null,"birthDate":412905600000}
{"id":904,"firstName":"Sigourney","lastName":null,"birthDate":-269222400000}
{"id":905,"firstName":"Declan","lastName":null,"birthDate":29203200000}
{"id":906,"firstName":"Jacob","lastName":null,"birthDate":210470400000}
{"id":907,"firstName":"Keaton","lastName":null,"birthDate":18835200000}
{"id":908,"firstName":"Keegan","lastName":null,"birthDate":155347200000}
{"id":909,"firstName":"Hedy","lastName":null,"birthDate":-502848000000}
{"id":910,"firstName":"Reece","lastName":null,"birthDate":-582681600000}
{"id":911,"firstName":"Yuli","lastName":null,"birthDate":-186105600000}
{"id":912,"firstName":"Caesar","lastName":null,"birthDate":-373593600000}
{"id":913,"firstName":"Carol","lastName":null,"birthDate":433296000000}
{"id":914,"firstName":"Lois","lastName":null,"birthDate":-273974400000}
{"id":915,"firstName":"Marvin","lastName":null,"birthDate":329788800000}
{"id":916,"firstName":"Justina","lastName":null,"birthDate":-102988800000}
{"id":917,"firstName":"Azalia","lastName":null,"birthDate":-443836800000}
{"id":918,"firstName":"Devin","lastName":null,"birthDate":313286400000}
{"id":919,"firstName":"Rose","lastName":null,"birthDate":-350611200000}
{"id":920,"firstName":"Shafira","lastName":null,"birthDate":521164800000}
{"id":921,"firstName":"Aurora","lastName":null,"birthDate":-345600000}
{"id":922,"firstName":"Timothy","lastName":null,"birthDate":-1987200000}
{"id":923,"firstName":"Winter","lastName":null,"birthDate":-492220800000}
{"id":924,"firstName":"Audra","lastName":null,"birthDate":-538444800000}
{"id":925,"firstName":"Keefe","lastName":null,"birthDate":-201657600000}
{"id":926,"firstName":"Upton","lastName":null,"birthDate":-462758400000}
{"id":927,"firstName":"Naida","lastName":null,"birthDate":-189648000000}
{"id":928,"firstName":"Brady","lastName":null,"birthDate":102211200000}
{"id":929,"firstName":"Eugenia","lastName":null,"birthDate":56851200000}
{"id":930,"firstName":"MacKenzie","lastName":null,"birthDate":44582400000}
{"id":931,"firstName":"Clio","lastName":null,"birthDate":352425600000}
{"id":932,"firstName":"Whitney","lastName":null,"birthDate":88473600000}
{"id":933,"firstName":"Phyllis","lastName":null,"birthDate":-257990400000}
{"id":934,"firstName":"Robin","lastName":null,"birthDate":104803200000}
{"id":935,"firstName":"Hasad","lastName":null,"birthDate":-268358400000}
{"id":936,"firstName":"Len","lastName":null,"birthDate":-251251200000}
{"id":937,"firstName":"Nelle","lastName":null,"birthDate":402537600000}
{"id":938,"firstName":"Jacqueline","lastName":null,"birthDate":-473472000000}
{"id":939,"firstName":"Abigail","lastName":null,"birthDate":-209692800000}
{"id":940,"firstName":"Hope","lastName":null,"birthDate":-423792000000}
{"id":941,"firstName":"Adrian","lastName":null,"birthDate":469152000000}
{"id":942,"firstName":"Mufutau","lastName":null,"birthDate":-32832000000}
{"id":943,"firstName":"Keelie","lastName":null,"birthDate":-330566400000}
{"id":944,"firstName":"Tatyana","lastName":null,"birthDate":-230601600000}
{"id":945,"firstName":"Yael","lastName":null,"birthDate":-544924800000}
{"id":946,"firstName":"Tobias","lastName":null,"birthDate":-255744000000}
{"id":947,"firstName":"Scarlet","lastName":null,"birthDate":82944000000}
{"id":948,"firstName":"Uriel","lastName":null,"birthDate":617760000000}
{"id":949,"firstName":"Amity","lastName":null,"birthDate":-265593600000}
{"id":950,"firstName":"Jared","lastName":null,"birthDate":458438400000}
{"id":951,"firstName":"Isaac","lastName":null,"birthDate":19267200000}
{"id":952,"firstName":"Sonya","lastName":null,"birthDate":313718400000}
{"id":953,"firstName":"Rebekah","lastName":null,"birthDate":-216691200000}
{"id":954,"firstName":"Reagan","lastName":null,"birthDate":-91929600000}
{"id":955,"firstName":"Joshua","lastName":null,"birthDate":-525657600000}
{"id":956,"firstName":"Brenda","lastName":null,"birthDate":86572800000}
{"id":957,"firstName":"Steel","lastName":null,"birthDate":431740800000}
{"id":958,"firstName":"Chandler","lastName":null,"birthDate":-405129600000}
{"id":959,"firstName":"Cameron","lastName":null,"birthDate":660268800000}
{"id":960,"firstName":"Halee","lastName":null,"birthDate":205113600000}
{"id":961,"firstName":"Connor","lastName":null,"birthDate":502848000000}
{"id":962,"firstName":"Alana","lastName":null,"birthDate":129340800000}
{"id":963,"firstName":"Maisie","lastName":null,"birthDate":-359856000000}
{"id":964,"firstName":"Rhonda","lastName":null,"birthDate":418780800000}
{"id":965,"firstName":"Connor","lastName":null,"birthDate":423619200000}
{"id":966,"firstName":"Courtney","lastName":null,"birthDate":444268800000}
{"id":967,"firstName":"Holmes","lastName":null,"birthDate":-376012800000}
{"id":968,"firstName":"Vielka","lastName":null,"birthDate":382752000000}
{"id":969,"firstName":"Gail","lastName":null,"birthDate":521337600000}
{"id":970,"firstName":"Cole","lastName":null,"birthDate":108518400000}
{"id":971,"firstName":"Kibo","lastName":null,"birthDate":151459200000}
{"id":972,"firstName":"Ashton","lastName":null,"birthDate":249955200000}
{"id":973,"firstName":"Stone","lastName":null,"birthDate":327801600000}
{"id":974,"firstName":"Hilda","lastName":null,"birthDate":563414400000}
{"id":975,"firstName":"Phoebe","lastName":null,"birthDate":-373420800000}
{"id":976,"firstName":"Aileen","lastName":null,"birthDate":297820800000}
{"id":977,"firstName":"Luke","lastName":null,"birthDate":147916800000}
{"id":978,"firstName":"Faith","lastName":null,"birthDate":-322617600000}
{"id":979,"firstName":"Myra","lastName":null,"birthDate":-154483200000}
{"id":980,"firstName":"Julie","lastName":null,"birthDate":-285724800000}
{"id":981,"firstName":"Selma","lastName":null,"birthDate":-233625600000}
{"id":982,"firstName":"Harlan","lastName":null,"birthDate":47088000000}
{"id":983,"firstName":"Kimberly","lastName":null,"birthDate":-542678400000}
{"id":984,"firstName":"Amir","lastName":null,"birthDate":254448000000}
{"id":985,"firstName":"Noelani","lastName":null,"birthDate":651283200000}
{"id":986,"firstName":"Morgan","lastName":null,"birthDate":265334400000}
{"id":987,"firstName":"Caldwell","lastName":null,"birthDate":-46396800000}
{"id":988,"firstName":"Blaine","lastName":null,"birthDate":84758400000}
{"id":989,"firstName":"Mechelle","lastName":null,"birthDate":-152755200000}
{"id":990,"firstName":"Tana","lastName":null,"birthDate":183427200000}
{"id":991,"firstName":"Katelyn","lastName":null,"birthDate":-140918400000}
{"id":992,"firstName":"Britanni","lastName":null,"birthDate":391651200000}
{"id":993,"firstName":"Knox","lastName":null,"birthDate":336182400000}
{"id":994,"firstName":"Kathleen","lastName":null,"birthDate":441590400000}
{"id":995,"firstName":"Shellie","lastName":null,"birthDate":-118281600000}
{"id":996,"firstName":"Kitra","lastName":null,"birthDate":34819200000}
{"id":997,"firstName":"Sheila","lastName":null,"birthDate":-88387200000}
{"id":998,"firstName":"MacKensie","lastName":null,"birthDate":-490665600000}
{"id":999,"firstName":"Indigo","lastName":null,"birthDate":-339120000000}
{"id":1000,"firstName":"Raphael","lastName":null,"birthDate":-314755200000}
