Customer(id=1, firstName=Stone, lastName=Barrett, date=null)
Customer(id=2, firstName=Raymond, lastName=Pace, date=null)
Customer(id=3, firstName=Armando, lastName=Logan, date=null)
Customer(id=4, firstName=Latifah, lastName=Barnett, date=null)
Customer(id=5, firstName=Cassandra, lastName=Moses, date=null)
Customer(id=6, firstName=Audra, lastName=Hopkins, date=null)
Customer(id=7, firstName=Upton, lastName=Morrow, date=null)
Customer(id=8, firstName=Melodie, lastName=Velasquez, date=null)
Customer(id=9, firstName=Sybill, lastName=Nolan, date=null)
Customer(id=10, firstName=Glenna, lastName=Little, date=null)
Customer(id=11, firstName=Ingrid, lastName=Jackson, date=null)
Customer(id=12, firstName=Duncan, lastName=Castaneda, date=null)
Customer(id=13, firstName=Xaviera, lastName=Gillespie, date=null)
Customer(id=14, firstName=Rhoda, lastName=Lancaster, date=null)
Customer(id=15, firstName=Fatima, lastName=Combs, date=null)
Customer(id=16, firstName=Merrill, lastName=Hopkins, date=null)
Customer(id=17, firstName=Felicia, lastName=Vinson, date=null)
Customer(id=18, firstName=Hanae, lastName=Harvey, date=null)
Customer(id=19, firstName=Ramona, lastName=Acosta, date=null)
Customer(id=20, firstName=Katelyn, lastName=Hammond, date=null)
Customer(id=21, firstName=Rosalyn, lastName=Simon, date=null)
Customer(id=22, firstName=Alea, lastName=Barron, date=null)
Customer(id=23, firstName=Raymond, lastName=Knox, date=null)
Customer(id=24, firstName=Hu, lastName=Franks, date=null)
Customer(id=25, firstName=Damon, lastName=Holman, date=null)
Customer(id=26, firstName=Ori, lastName=Nunez, date=null)
Customer(id=27, firstName=Sasha, lastName=Carey, date=null)
Customer(id=28, firstName=Sarah, lastName=Mullins, date=null)
Customer(id=29, firstName=Hammett, lastName=Buck, date=null)
Customer(id=30, firstName=Melissa, lastName=Parrish, date=null)
Customer(id=31, firstName=Daquan, lastName=Craig, date=null)
Customer(id=32, firstName=Keane, lastName=Rose, date=null)
Customer(id=33, firstName=Erich, lastName=Joyce, date=null)
Customer(id=34, firstName=Iliana, lastName=Atkinson, date=null)
Customer(id=35, firstName=Dawn, lastName=Fulton, date=null)
Customer(id=36, firstName=Anjolie, lastName=Gay, date=null)
Customer(id=37, firstName=Tanya, lastName=Crosby, date=null)
Customer(id=38, firstName=Dacey, lastName=Hinton, date=null)
Customer(id=39, firstName=Carl, lastName=Monroe, date=null)
Customer(id=40, firstName=Derek, lastName=Bush, date=null)
Customer(id=41, firstName=Lucian, lastName=Shannon, date=null)
Customer(id=42, firstName=Jorden, lastName=Gilliam, date=null)
Customer(id=43, firstName=Arden, lastName=Buckner, date=null)
Customer(id=44, firstName=Kenneth, lastName=Marquez, date=null)
Customer(id=45, firstName=Kitra, lastName=Becker, date=null)
Customer(id=46, firstName=Jin, lastName=Greer, date=null)
Customer(id=47, firstName=Jaden, lastName=Suarez, date=null)
Customer(id=48, firstName=Sylvia, lastName=Nielsen, date=null)
Customer(id=49, firstName=Mona, lastName=Osborn, date=null)
Customer(id=50, firstName=Lyle, lastName=Lawson, date=null)
Customer(id=51, firstName=Asher, lastName=Frazier, date=null)
Customer(id=52, firstName=Brynne, lastName=Mcdonald, date=null)
Customer(id=53, firstName=Ahmed, lastName=Holt, date=null)
Customer(id=54, firstName=Iola, lastName=Thornton, date=null)
Customer(id=55, firstName=Quynn, lastName=Villarreal, date=null)
Customer(id=56, firstName=Althea, lastName=Black, date=null)
Customer(id=57, firstName=Elmo, lastName=Rowland, date=null)
Customer(id=58, firstName=Remedios, lastName=Pollard, date=null)
Customer(id=59, firstName=Kaitlin, lastName=Trujillo, date=null)
Customer(id=60, firstName=Stewart, lastName=Frederick, date=null)
Customer(id=61, firstName=Blythe, lastName=Payne, date=null)
Customer(id=62, firstName=Nyssa, lastName=Chang, date=null)
Customer(id=63, firstName=Mariam, lastName=Sanders, date=null)
Customer(id=64, firstName=Orson, lastName=Mendez, date=null)
Customer(id=65, firstName=Marshall, lastName=Kidd, date=null)
Customer(id=66, firstName=Giacomo, lastName=Tate, date=null)
Customer(id=67, firstName=Mollie, lastName=Gilliam, date=null)
Customer(id=68, firstName=Holly, lastName=Paul, date=null)
Customer(id=69, firstName=Dominic, lastName=Harmon, date=null)
Customer(id=70, firstName=Rooney, lastName=Hopper, date=null)
Customer(id=71, firstName=Shay, lastName=Craft, date=null)
Customer(id=72, firstName=Nicholas, lastName=Melendez, date=null)
Customer(id=73, firstName=Addison, lastName=Kaufman, date=null)
Customer(id=74, firstName=Anastasia, lastName=Frederick, date=null)
Customer(id=75, firstName=Mary, lastName=Benson, date=null)
Customer(id=76, firstName=Garrett, lastName=Conner, date=null)
Customer(id=77, firstName=Kendall, lastName=Fitzgerald, date=null)
Customer(id=78, firstName=Juliet, lastName=Montoya, date=null)
Customer(id=79, firstName=Olivia, lastName=Marsh, date=null)
Customer(id=80, firstName=Daquan, lastName=Bennett, date=null)
Customer(id=81, firstName=Leroy, lastName=Sandoval, date=null)
Customer(id=82, firstName=Sonia, lastName=Figueroa, date=null)
Customer(id=83, firstName=Emerald, lastName=Baxter, date=null)
Customer(id=84, firstName=Reed, lastName=Cobb, date=null)
Customer(id=85, firstName=Bertha, lastName=Lowe, date=null)
Customer(id=86, firstName=Dennis, lastName=Wright, date=null)
Customer(id=87, firstName=Declan, lastName=Buck, date=null)
Customer(id=88, firstName=Latifah, lastName=Richardson, date=null)
Customer(id=89, firstName=Rashad, lastName=Curry, date=null)
Customer(id=90, firstName=Carl, lastName=Cochran, date=null)
Customer(id=91, firstName=Levi, lastName=Mack, date=null)
Customer(id=92, firstName=Ella, lastName=Mooney, date=null)
Customer(id=93, firstName=Dara, lastName=Anthony, date=null)
Customer(id=94, firstName=Benedict, lastName=Paul, date=null)
Customer(id=95, firstName=Benjamin, lastName=Booker, date=null)
Customer(id=96, firstName=Pandora, lastName=Lee, date=null)
Customer(id=97, firstName=Hall, lastName=Hester, date=null)
Customer(id=98, firstName=Piper, lastName=Marks, date=null)
Customer(id=99, firstName=Rafael, lastName=Roman, date=null)
Customer(id=100, firstName=Alfonso, lastName=Flores, date=null)
Customer(id=101, firstName=Kyra, lastName=Macias, date=null)
Customer(id=102, firstName=Erica, lastName=Berger, date=null)
Customer(id=103, firstName=Kaitlin, lastName=Ellis, date=null)
Customer(id=104, firstName=Sonya, lastName=Nelson, date=null)
Customer(id=105, firstName=Graiden, lastName=Wynn, date=null)
Customer(id=106, firstName=Amethyst, lastName=Nunez, date=null)
Customer(id=107, firstName=Justine, lastName=Carlson, date=null)
Customer(id=108, firstName=Dennis, lastName=Molina, date=null)
Customer(id=109, firstName=Adena, lastName=Rosales, date=null)
Customer(id=110, firstName=Burke, lastName=Morrison, date=null)
Customer(id=111, firstName=Macon, lastName=Galloway, date=null)
Customer(id=112, firstName=Todd, lastName=Greer, date=null)
Customer(id=113, firstName=Aretha, lastName=Norton, date=null)
Customer(id=114, firstName=Zephania, lastName=Cortez, date=null)
Customer(id=115, firstName=Ishmael, lastName=Wolfe, date=null)
Customer(id=116, firstName=Todd, lastName=Day, date=null)
Customer(id=117, firstName=Gareth, lastName=Mckay, date=null)
Customer(id=118, firstName=Amir, lastName=Vargas, date=null)
Customer(id=119, firstName=Darius, lastName=Baker, date=null)
Customer(id=120, firstName=Rajah, lastName=Wise, date=null)
Customer(id=121, firstName=Avram, lastName=Walsh, date=null)
Customer(id=122, firstName=Hilel, lastName=Nieves, date=null)
Customer(id=123, firstName=Veda, lastName=Higgins, date=null)
Customer(id=124, firstName=Armando, lastName=Tran, date=null)
Customer(id=125, firstName=Nichole, lastName=Rowe, date=null)
Customer(id=126, firstName=Zephr, lastName=Warren, date=null)
Customer(id=127, firstName=Clayton, lastName=Thompson, date=null)
Customer(id=128, firstName=Clark, lastName=Underwood, date=null)
Customer(id=129, firstName=Daniel, lastName=Swanson, date=null)
Customer(id=130, firstName=Kathleen, lastName=Shannon, date=null)
Customer(id=131, firstName=Priscilla, lastName=Martin, date=null)
Customer(id=132, firstName=Skyler, lastName=Adkins, date=null)
Customer(id=133, firstName=Erica, lastName=Logan, date=null)
Customer(id=134, firstName=Damon, lastName=Wells, date=null)
Customer(id=135, firstName=Macaulay, lastName=Odonnell, date=null)
Customer(id=136, firstName=Ruby, lastName=Wilcox, date=null)
Customer(id=137, firstName=Hannah, lastName=Leach, date=null)
Customer(id=138, firstName=Mia, lastName=Downs, date=null)
Customer(id=139, firstName=Erasmus, lastName=Arnold, date=null)
Customer(id=140, firstName=Ivor, lastName=Ellis, date=null)
Customer(id=141, firstName=Ulla, lastName=Warren, date=null)
Customer(id=142, firstName=Meredith, lastName=Mcpherson, date=null)
Customer(id=143, firstName=Sebastian, lastName=Raymond, date=null)
Customer(id=144, firstName=Harrison, lastName=Rich, date=null)
Customer(id=145, firstName=Carissa, lastName=Huff, date=null)
Customer(id=146, firstName=Hedy, lastName=Campbell, date=null)
Customer(id=147, firstName=Dale, lastName=Conway, date=null)
Customer(id=148, firstName=Stella, lastName=Lloyd, date=null)
Customer(id=149, firstName=Jaden, lastName=Fisher, date=null)
Customer(id=150, firstName=Graham, lastName=Hess, date=null)
Customer(id=151, firstName=Stella, lastName=Joyce, date=null)
Customer(id=152, firstName=Aurora, lastName=Bridges, date=null)
Customer(id=153, firstName=Joelle, lastName=Church, date=null)
Customer(id=154, firstName=Ann, lastName=Preston, date=null)
Customer(id=155, firstName=Yuri, lastName=Crawford, date=null)
Customer(id=156, firstName=Tyler, lastName=Gibbs, date=null)
Customer(id=157, firstName=Lila, lastName=Middleton, date=null)
Customer(id=158, firstName=Victor, lastName=Flynn, date=null)
Customer(id=159, firstName=Oprah, lastName=Marquez, date=null)
Customer(id=160, firstName=Ethan, lastName=Carey, date=null)
Customer(id=161, firstName=Price, lastName=Cervantes, date=null)
Customer(id=162, firstName=Elliott, lastName=Richmond, date=null)
Customer(id=163, firstName=Gregory, lastName=Taylor, date=null)
Customer(id=164, firstName=Dakota, lastName=Copeland, date=null)
Customer(id=165, firstName=Cody, lastName=Guzman, date=null)
Customer(id=166, firstName=Arden, lastName=Bass, date=null)
Customer(id=167, firstName=Aristotle, lastName=Montoya, date=null)
Customer(id=168, firstName=Vladimir, lastName=Ewing, date=null)
Customer(id=169, firstName=Laura, lastName=Murray, date=null)
Customer(id=170, firstName=Eliana, lastName=Mcgee, date=null)
Customer(id=171, firstName=Tanisha, lastName=Obrien, date=null)
Customer(id=172, firstName=Jackson, lastName=Mayo, date=null)
Customer(id=173, firstName=Maxwell, lastName=Sargent, date=null)
Customer(id=174, firstName=Teagan, lastName=Kent, date=null)
Customer(id=175, firstName=Lev, lastName=Hernandez, date=null)
Customer(id=176, firstName=Lars, lastName=Carr, date=null)
Customer(id=177, firstName=Wang, lastName=Koch, date=null)
Customer(id=178, firstName=Rigel, lastName=Edwards, date=null)
Customer(id=179, firstName=Olga, lastName=Flores, date=null)
Customer(id=180, firstName=Laura, lastName=Owen, date=null)
Customer(id=181, firstName=Scott, lastName=Bridges, date=null)
Customer(id=182, firstName=Bevis, lastName=Gentry, date=null)
Customer(id=183, firstName=Colleen, lastName=Frye, date=null)
Customer(id=184, firstName=Kendall, lastName=Hopper, date=null)
Customer(id=185, firstName=Uriah, lastName=Kennedy, date=null)
Customer(id=186, firstName=Ishmael, lastName=Ford, date=null)
Customer(id=187, firstName=Graiden, lastName=Hall, date=null)
Customer(id=188, firstName=Galvin, lastName=Nunez, date=null)
Customer(id=189, firstName=Zena, lastName=Shepherd, date=null)
Customer(id=190, firstName=Azalia, lastName=Preston, date=null)
Customer(id=191, firstName=Lila, lastName=Robinson, date=null)
Customer(id=192, firstName=Garth, lastName=Fuentes, date=null)
Customer(id=193, firstName=Emery, lastName=Kim, date=null)
Customer(id=194, firstName=Shea, lastName=Bean, date=null)
Customer(id=195, firstName=Logan, lastName=Mcclure, date=null)
Customer(id=196, firstName=Olympia, lastName=Espinoza, date=null)
Customer(id=197, firstName=Louis, lastName=William, date=null)
Customer(id=198, firstName=Dylan, lastName=Fulton, date=null)
Customer(id=199, firstName=Raphael, lastName=Armstrong, date=null)
Customer(id=200, firstName=Zoe, lastName=Nelson, date=null)
Customer(id=201, firstName=Vivian, lastName=Love, date=null)
Customer(id=202, firstName=Charde, lastName=Lang, date=null)
Customer(id=203, firstName=Jason, lastName=Powell, date=null)
Customer(id=204, firstName=Colleen, lastName=Terrell, date=null)
Customer(id=205, firstName=Cullen, lastName=Cardenas, date=null)
Customer(id=206, firstName=Avram, lastName=Leblanc, date=null)
Customer(id=207, firstName=Gray, lastName=Gentry, date=null)
Customer(id=208, firstName=Nehru, lastName=Brock, date=null)
Customer(id=209, firstName=Ulla, lastName=Stewart, date=null)
Customer(id=210, firstName=Azalia, lastName=Hines, date=null)
Customer(id=211, firstName=Chava, lastName=Frank, date=null)
Customer(id=212, firstName=Jamal, lastName=Coffey, date=null)
Customer(id=213, firstName=Abigail, lastName=Odonnell, date=null)
Customer(id=214, firstName=Lavinia, lastName=Hall, date=null)
Customer(id=215, firstName=Clark, lastName=Barrera, date=null)
Customer(id=216, firstName=Kennan, lastName=Donaldson, date=null)
Customer(id=217, firstName=Allegra, lastName=Rose, date=null)
Customer(id=218, firstName=Carson, lastName=Downs, date=null)
Customer(id=219, firstName=Carla, lastName=Owen, date=null)
Customer(id=220, firstName=Kenyon, lastName=Cox, date=null)
Customer(id=221, firstName=Brynne, lastName=Hull, date=null)
Customer(id=222, firstName=Yuri, lastName=Holman, date=null)
Customer(id=223, firstName=Lareina, lastName=Robinson, date=null)
Customer(id=224, firstName=Rylee, lastName=Pena, date=null)
Customer(id=225, firstName=Elmo, lastName=Wolfe, date=null)
Customer(id=226, firstName=Keith, lastName=Cash, date=null)
Customer(id=227, firstName=Deanna, lastName=Kelley, date=null)
Customer(id=228, firstName=Lane, lastName=Dickson, date=null)
Customer(id=229, firstName=Nicole, lastName=Avila, date=null)
Customer(id=230, firstName=Slade, lastName=Rodriquez, date=null)
Customer(id=231, firstName=Avye, lastName=Mills, date=null)
Customer(id=232, firstName=Colt, lastName=Calderon, date=null)
Customer(id=233, firstName=Jena, lastName=Mathis, date=null)
Customer(id=234, firstName=Uriel, lastName=Harris, date=null)
Customer(id=235, firstName=Keane, lastName=Hayden, date=null)
Customer(id=236, firstName=Leah, lastName=Peters, date=null)
Customer(id=237, firstName=Sydnee, lastName=Ferguson, date=null)
Customer(id=238, firstName=Ulysses, lastName=Reeves, date=null)
Customer(id=239, firstName=Sharon, lastName=Golden, date=null)
Customer(id=240, firstName=Frances, lastName=Sheppard, date=null)
Customer(id=241, firstName=Sierra, lastName=York, date=null)
Customer(id=242, firstName=Neve, lastName=Morin, date=null)
Customer(id=243, firstName=Darrel, lastName=Rowe, date=null)
Customer(id=244, firstName=Elliott, lastName=Gilliam, date=null)
Customer(id=245, firstName=Quin, lastName=Boyer, date=null)
Customer(id=246, firstName=September, lastName=Santana, date=null)
Customer(id=247, firstName=Carol, lastName=Church, date=null)
Customer(id=248, firstName=Edan, lastName=Wilkinson, date=null)
Customer(id=249, firstName=Jenna, lastName=Mcdowell, date=null)
Customer(id=250, firstName=Zahir, lastName=Hurley, date=null)
Customer(id=251, firstName=Colton, lastName=Huber, date=null)
Customer(id=252, firstName=Sean, lastName=Estrada, date=null)
Customer(id=253, firstName=Hedwig, lastName=Stokes, date=null)
Customer(id=254, firstName=Graiden, lastName=Mcguire, date=null)
Customer(id=255, firstName=Ira, lastName=Welch, date=null)
Customer(id=256, firstName=MacKenzie, lastName=Campos, date=null)
Customer(id=257, firstName=Wanda, lastName=Berry, date=null)
Customer(id=258, firstName=Hannah, lastName=Foreman, date=null)
Customer(id=259, firstName=Jessica, lastName=Hart, date=null)
Customer(id=260, firstName=Damon, lastName=Payne, date=null)
Customer(id=261, firstName=Madeline, lastName=Pitts, date=null)
Customer(id=262, firstName=Sybil, lastName=Walsh, date=null)
Customer(id=263, firstName=Scott, lastName=Allen, date=null)
Customer(id=264, firstName=Linda, lastName=Conley, date=null)
Customer(id=265, firstName=Allen, lastName=Rowe, date=null)
Customer(id=266, firstName=Giselle, lastName=Garrett, date=null)
Customer(id=267, firstName=Martha, lastName=Mack, date=null)
Customer(id=268, firstName=Lila, lastName=Fitzpatrick, date=null)
Customer(id=269, firstName=Ivana, lastName=Farley, date=null)
Customer(id=270, firstName=Grant, lastName=Anthony, date=null)
Customer(id=271, firstName=Belle, lastName=Landry, date=null)
Customer(id=272, firstName=Cameran, lastName=Garza, date=null)
Customer(id=273, firstName=Unity, lastName=Black, date=null)
Customer(id=274, firstName=Kaitlin, lastName=Herman, date=null)
Customer(id=275, firstName=Joel, lastName=Ware, date=null)
Customer(id=276, firstName=Brian, lastName=Wheeler, date=null)
Customer(id=277, firstName=Ocean, lastName=Pearson, date=null)
Customer(id=278, firstName=Imani, lastName=Sweeney, date=null)
Customer(id=279, firstName=Celeste, lastName=Spears, date=null)
Customer(id=280, firstName=Kirby, lastName=Barnes, date=null)
Customer(id=281, firstName=Rosalyn, lastName=Hart, date=null)
Customer(id=282, firstName=Donna, lastName=Mosley, date=null)
Customer(id=283, firstName=Suki, lastName=Barker, date=null)
Customer(id=284, firstName=Willow, lastName=Smith, date=null)
Customer(id=285, firstName=Leandra, lastName=Petersen, date=null)
Customer(id=286, firstName=Aspen, lastName=Larson, date=null)
Customer(id=287, firstName=Martha, lastName=Irwin, date=null)
Customer(id=288, firstName=Alexa, lastName=Castillo, date=null)
Customer(id=289, firstName=Halla, lastName=Mccoy, date=null)
Customer(id=290, firstName=Martena, lastName=Bryan, date=null)
Customer(id=291, firstName=Quynn, lastName=Jordan, date=null)
Customer(id=292, firstName=Quynn, lastName=Bridges, date=null)
Customer(id=293, firstName=Joshua, lastName=Bolton, date=null)
Customer(id=294, firstName=Stacey, lastName=Wynn, date=null)
Customer(id=295, firstName=Noble, lastName=Freeman, date=null)
Customer(id=296, firstName=Cyrus, lastName=Gomez, date=null)
Customer(id=297, firstName=Tyler, lastName=Burch, date=null)
Customer(id=298, firstName=Adrienne, lastName=Chapman, date=null)
Customer(id=299, firstName=Carissa, lastName=Mooney, date=null)
Customer(id=300, firstName=Christopher, lastName=Howe, date=null)
Customer(id=301, firstName=Clark, lastName=Gardner, date=null)
Customer(id=302, firstName=Dean, lastName=Cook, date=null)
Customer(id=303, firstName=Coby, lastName=Stevens, date=null)
Customer(id=304, firstName=Whitney, lastName=Terrell, date=null)
Customer(id=305, firstName=Yoshi, lastName=Strickland, date=null)
Customer(id=306, firstName=Rhoda, lastName=King, date=null)
Customer(id=307, firstName=Cheyenne, lastName=Avila, date=null)
Customer(id=308, firstName=Piper, lastName=Gray, date=null)
Customer(id=309, firstName=Jorden, lastName=Kirk, date=null)
Customer(id=310, firstName=Hilary, lastName=Robbins, date=null)
Customer(id=311, firstName=Zephr, lastName=Oneill, date=null)
Customer(id=312, firstName=Barry, lastName=Mercado, date=null)
Customer(id=313, firstName=April, lastName=Villarreal, date=null)
Customer(id=314, firstName=Kaseem, lastName=Blanchard, date=null)
Customer(id=315, firstName=Cathleen, lastName=Reed, date=null)
Customer(id=316, firstName=Mara, lastName=Maynard, date=null)
Customer(id=317, firstName=Nell, lastName=Jacobs, date=null)
Customer(id=318, firstName=Preston, lastName=Bass, date=null)
Customer(id=319, firstName=Mohammad, lastName=Robertson, date=null)
Customer(id=320, firstName=Rhiannon, lastName=Witt, date=null)
Customer(id=321, firstName=Bernard, lastName=Ashley, date=null)
Customer(id=322, firstName=Cole, lastName=Atkinson, date=null)
Customer(id=323, firstName=Adena, lastName=Ellis, date=null)
Customer(id=324, firstName=Carter, lastName=Whitley, date=null)
Customer(id=325, firstName=Rosalyn, lastName=Cotton, date=null)
Customer(id=326, firstName=Sloane, lastName=Curry, date=null)
Customer(id=327, firstName=Garrison, lastName=Moore, date=null)
Customer(id=328, firstName=Catherine, lastName=Cain, date=null)
Customer(id=329, firstName=Jerome, lastName=King, date=null)
Customer(id=330, firstName=Jared, lastName=Roberts, date=null)
Customer(id=331, firstName=Andrew, lastName=Mosley, date=null)
Customer(id=332, firstName=Xyla, lastName=Sears, date=null)
Customer(id=333, firstName=Nasim, lastName=Peck, date=null)
Customer(id=334, firstName=Walter, lastName=Fry, date=null)
Customer(id=335, firstName=Tatum, lastName=Blevins, date=null)
Customer(id=336, firstName=Elijah, lastName=Burgess, date=null)
Customer(id=337, firstName=Elton, lastName=Adkins, date=null)
Customer(id=338, firstName=Kenneth, lastName=Welch, date=null)
Customer(id=339, firstName=Florence, lastName=Mejia, date=null)
Customer(id=340, firstName=Arden, lastName=Moody, date=null)
Customer(id=341, firstName=Zenia, lastName=Rollins, date=null)
Customer(id=342, firstName=Lillith, lastName=Rosales, date=null)
Customer(id=343, firstName=Murphy, lastName=Glenn, date=null)
Customer(id=344, firstName=Caldwell, lastName=Gates, date=null)
Customer(id=345, firstName=Charles, lastName=Melendez, date=null)
Customer(id=346, firstName=Jaden, lastName=Gardner, date=null)
Customer(id=347, firstName=Oleg, lastName=Wilkins, date=null)
Customer(id=348, firstName=Charles, lastName=Mcgowan, date=null)
Customer(id=349, firstName=Whitney, lastName=Gould, date=null)
Customer(id=350, firstName=Macaulay, lastName=Rowe, date=null)
Customer(id=351, firstName=Sierra, lastName=Lawrence, date=null)
Customer(id=352, firstName=Charlotte, lastName=Townsend, date=null)
Customer(id=353, firstName=Lillian, lastName=Byers, date=null)
Customer(id=354, firstName=Ava, lastName=Randall, date=null)
Customer(id=355, firstName=Cally, lastName=Keller, date=null)
Customer(id=356, firstName=Giacomo, lastName=Britt, date=null)
Customer(id=357, firstName=Gabriel, lastName=Warner, date=null)
Customer(id=358, firstName=Solomon, lastName=Foreman, date=null)
Customer(id=359, firstName=Hermione, lastName=Gallagher, date=null)
Customer(id=360, firstName=Phoebe, lastName=Hinton, date=null)
Customer(id=361, firstName=Keiko, lastName=Dennis, date=null)
Customer(id=362, firstName=Herman, lastName=Carpenter, date=null)
Customer(id=363, firstName=Cecilia, lastName=Oneal, date=null)
Customer(id=364, firstName=Gwendolyn, lastName=Alford, date=null)
Customer(id=365, firstName=Jonas, lastName=Pratt, date=null)
Customer(id=366, firstName=Whitney, lastName=Newton, date=null)
Customer(id=367, firstName=Ralph, lastName=Stein, date=null)
Customer(id=368, firstName=Eve, lastName=Frederick, date=null)
Customer(id=369, firstName=Odysseus, lastName=Hess, date=null)
Customer(id=370, firstName=Mechelle, lastName=Richard, date=null)
Customer(id=371, firstName=Jesse, lastName=Torres, date=null)
Customer(id=372, firstName=Martha, lastName=Mclaughlin, date=null)
Customer(id=373, firstName=Emerald, lastName=Haynes, date=null)
Customer(id=374, firstName=Rigel, lastName=Barton, date=null)
Customer(id=375, firstName=Meredith, lastName=Simon, date=null)
Customer(id=376, firstName=Nevada, lastName=Shannon, date=null)
Customer(id=377, firstName=Casey, lastName=Delgado, date=null)
Customer(id=378, firstName=Xerxes, lastName=Herring, date=null)
Customer(id=379, firstName=Penelope, lastName=Blackburn, date=null)
Customer(id=380, firstName=Rooney, lastName=Swanson, date=null)
Customer(id=381, firstName=Lamar, lastName=Ramirez, date=null)
Customer(id=382, firstName=Linda, lastName=Lee, date=null)
Customer(id=383, firstName=Hanae, lastName=Johnson, date=null)
Customer(id=384, firstName=Zane, lastName=Long, date=null)
Customer(id=385, firstName=Aspen, lastName=Potter, date=null)
Customer(id=386, firstName=Samson, lastName=Nicholson, date=null)
Customer(id=387, firstName=Jael, lastName=Stuart, date=null)
Customer(id=388, firstName=Marny, lastName=Summers, date=null)
Customer(id=389, firstName=Lael, lastName=Schwartz, date=null)
Customer(id=390, firstName=Blythe, lastName=Baldwin, date=null)
Customer(id=391, firstName=Keegan, lastName=Pruitt, date=null)
Customer(id=392, firstName=Nathan, lastName=Patterson, date=null)
Customer(id=393, firstName=Garth, lastName=Calderon, date=null)
Customer(id=394, firstName=Flynn, lastName=Winters, date=null)
Customer(id=395, firstName=Dara, lastName=Morrison, date=null)
Customer(id=396, firstName=Ira, lastName=Wilkerson, date=null)
Customer(id=397, firstName=Angela, lastName=Ward, date=null)
Customer(id=398, firstName=Wilma, lastName=Collier, date=null)
Customer(id=399, firstName=Sandra, lastName=Kaufman, date=null)
Customer(id=400, firstName=Amelia, lastName=Osborn, date=null)
Customer(id=401, firstName=Gemma, lastName=Finch, date=null)
Customer(id=402, firstName=Orli, lastName=Slater, date=null)
Customer(id=403, firstName=Donovan, lastName=Beasley, date=null)
Customer(id=404, firstName=Dacey, lastName=Leblanc, date=null)
Customer(id=405, firstName=Rebekah, lastName=Edwards, date=null)
Customer(id=406, firstName=George, lastName=Reeves, date=null)
Customer(id=407, firstName=Hadley, lastName=Landry, date=null)
Customer(id=408, firstName=Cameran, lastName=Acevedo, date=null)
Customer(id=409, firstName=Ignacia, lastName=Medina, date=null)
Customer(id=410, firstName=Alvin, lastName=Johnson, date=null)
Customer(id=411, firstName=Aurora, lastName=Lucas, date=null)
Customer(id=412, firstName=Gretchen, lastName=Norman, date=null)
Customer(id=413, firstName=Inga, lastName=Roy, date=null)
Customer(id=414, firstName=Aquila, lastName=Thomas, date=null)
Customer(id=415, firstName=Boris, lastName=Boyd, date=null)
Customer(id=416, firstName=Channing, lastName=Petersen, date=null)
Customer(id=417, firstName=Wyoming, lastName=Meadows, date=null)
Customer(id=418, firstName=Veronica, lastName=Perkins, date=null)
Customer(id=419, firstName=David, lastName=Davidson, date=null)
Customer(id=420, firstName=Lillian, lastName=Carpenter, date=null)
Customer(id=421, firstName=Danielle, lastName=Luna, date=null)
Customer(id=422, firstName=Mia, lastName=Douglas, date=null)
Customer(id=423, firstName=Micah, lastName=Galloway, date=null)
Customer(id=424, firstName=Tad, lastName=Reynolds, date=null)
Customer(id=425, firstName=Troy, lastName=David, date=null)
Customer(id=426, firstName=Ila, lastName=Ashley, date=null)
Customer(id=427, firstName=Kelly, lastName=Meadows, date=null)
Customer(id=428, firstName=Walter, lastName=Pugh, date=null)
Customer(id=429, firstName=Lucius, lastName=Battle, date=null)
Customer(id=430, firstName=Florence, lastName=Stark, date=null)
Customer(id=431, firstName=Priscilla, lastName=Gregory, date=null)
Customer(id=432, firstName=Joseph, lastName=Dickerson, date=null)
Customer(id=433, firstName=Kellie, lastName=Slater, date=null)
Customer(id=434, firstName=Hayden, lastName=Olson, date=null)
Customer(id=435, firstName=Xanthus, lastName=Raymond, date=null)
Customer(id=436, firstName=Shannon, lastName=Lynn, date=null)
Customer(id=437, firstName=Kato, lastName=Sosa, date=null)
Customer(id=438, firstName=Molly, lastName=Juarez, date=null)
Customer(id=439, firstName=Hermione, lastName=Buchanan, date=null)
Customer(id=440, firstName=Kevyn, lastName=Ellis, date=null)
Customer(id=441, firstName=Paloma, lastName=Riddle, date=null)
Customer(id=442, firstName=Tiger, lastName=Gallegos, date=null)
Customer(id=443, firstName=Willow, lastName=Morgan, date=null)
Customer(id=444, firstName=Stephen, lastName=Smith, date=null)
Customer(id=445, firstName=Curran, lastName=Mueller, date=null)
Customer(id=446, firstName=Cathleen, lastName=Melendez, date=null)
Customer(id=447, firstName=Vaughan, lastName=Cunningham, date=null)
Customer(id=448, firstName=Grace, lastName=Kane, date=null)
Customer(id=449, firstName=Ebony, lastName=Sweet, date=null)
Customer(id=450, firstName=Scott, lastName=Burt, date=null)
Customer(id=451, firstName=Britanney, lastName=Lancaster, date=null)
Customer(id=452, firstName=Lane, lastName=Christensen, date=null)
Customer(id=453, firstName=Hyacinth, lastName=Orr, date=null)
Customer(id=454, firstName=Cailin, lastName=Craig, date=null)
Customer(id=455, firstName=Craig, lastName=Dean, date=null)
Customer(id=456, firstName=Julian, lastName=Lee, date=null)
Customer(id=457, firstName=Yoko, lastName=Burt, date=null)
Customer(id=458, firstName=Aurora, lastName=Zamora, date=null)
Customer(id=459, firstName=Ulric, lastName=Lee, date=null)
Customer(id=460, firstName=Lucius, lastName=Holmes, date=null)
Customer(id=461, firstName=Eve, lastName=Mcconnell, date=null)
Customer(id=462, firstName=Donovan, lastName=Odonnell, date=null)
Customer(id=463, firstName=Idona, lastName=Ortiz, date=null)
Customer(id=464, firstName=Mona, lastName=Cantrell, date=null)
Customer(id=465, firstName=Dennis, lastName=Gregory, date=null)
Customer(id=466, firstName=Beau, lastName=Weaver, date=null)
Customer(id=467, firstName=Willow, lastName=Santos, date=null)
Customer(id=468, firstName=Alisa, lastName=Jarvis, date=null)
Customer(id=469, firstName=Veronica, lastName=Patterson, date=null)
Customer(id=470, firstName=Martin, lastName=Sosa, date=null)
Customer(id=471, firstName=Clinton, lastName=Gaines, date=null)
Customer(id=472, firstName=Darryl, lastName=Madden, date=null)
Customer(id=473, firstName=Len, lastName=Morse, date=null)
Customer(id=474, firstName=Axel, lastName=Malone, date=null)
Customer(id=475, firstName=Rebecca, lastName=Rasmussen, date=null)
Customer(id=476, firstName=McKenzie, lastName=Acosta, date=null)
Customer(id=477, firstName=Russell, lastName=Sampson, date=null)
Customer(id=478, firstName=Emi, lastName=Cameron, date=null)
Customer(id=479, firstName=Merritt, lastName=Scott, date=null)
Customer(id=480, firstName=Rafael, lastName=Todd, date=null)
Customer(id=481, firstName=Ronan, lastName=Potter, date=null)
Customer(id=482, firstName=Jerome, lastName=Adams, date=null)
Customer(id=483, firstName=Daryl, lastName=Mcintosh, date=null)
Customer(id=484, firstName=Zoe, lastName=Johnson, date=null)
Customer(id=485, firstName=Cyrus, lastName=Fulton, date=null)
Customer(id=486, firstName=Xaviera, lastName=Poole, date=null)
Customer(id=487, firstName=Alfonso, lastName=Kinney, date=null)
Customer(id=488, firstName=Yolanda, lastName=Walls, date=null)
Customer(id=489, firstName=Uta, lastName=Wallace, date=null)
Customer(id=490, firstName=Alexis, lastName=Foster, date=null)
Customer(id=491, firstName=Sybil, lastName=Kim, date=null)
Customer(id=492, firstName=Nomlanga, lastName=Mccormick, date=null)
Customer(id=493, firstName=Marshall, lastName=Bray, date=null)
Customer(id=494, firstName=Uriah, lastName=Cole, date=null)
Customer(id=495, firstName=Wesley, lastName=Stokes, date=null)
Customer(id=496, firstName=Kennedy, lastName=Payne, date=null)
Customer(id=497, firstName=April, lastName=Gibbs, date=null)
Customer(id=498, firstName=Alec, lastName=Mccarthy, date=null)
Customer(id=499, firstName=Philip, lastName=Koch, date=null)
Customer(id=500, firstName=Reuben, lastName=Simmons, date=null)
Customer(id=501, firstName=Kelly, lastName=Ashley, date=null)
Customer(id=502, firstName=Chadwick, lastName=Salazar, date=null)
Customer(id=503, firstName=Justine, lastName=Warren, date=null)
Customer(id=504, firstName=Elizabeth, lastName=Meyer, date=null)
Customer(id=505, firstName=Elvis, lastName=Berger, date=null)
Customer(id=506, firstName=Miranda, lastName=Bird, date=null)
Customer(id=507, firstName=Leila, lastName=Pearson, date=null)
Customer(id=508, firstName=Willow, lastName=Dixon, date=null)
Customer(id=509, firstName=Jade, lastName=Graham, date=null)
Customer(id=510, firstName=Abigail, lastName=Sexton, date=null)
Customer(id=511, firstName=Quail, lastName=Zimmerman, date=null)
Customer(id=512, firstName=Martena, lastName=Bruce, date=null)
Customer(id=513, firstName=Moses, lastName=Boyer, date=null)
Customer(id=514, firstName=Meghan, lastName=Zamora, date=null)
Customer(id=515, firstName=Whoopi, lastName=Battle, date=null)
Customer(id=516, firstName=Darryl, lastName=Mejia, date=null)
Customer(id=517, firstName=Dorothy, lastName=Sawyer, date=null)
Customer(id=518, firstName=Ashton, lastName=Bond, date=null)
Customer(id=519, firstName=Cassandra, lastName=Mcmillan, date=null)
Customer(id=520, firstName=Martin, lastName=Rios, date=null)
Customer(id=521, firstName=Cedric, lastName=Christensen, date=null)
Customer(id=522, firstName=Marny, lastName=Coleman, date=null)
Customer(id=523, firstName=Ina, lastName=Barton, date=null)
Customer(id=524, firstName=Keiko, lastName=Sloan, date=null)
Customer(id=525, firstName=Reese, lastName=Whitehead, date=null)
Customer(id=526, firstName=Dana, lastName=Vang, date=null)
Customer(id=527, firstName=Nathaniel, lastName=Stevens, date=null)
Customer(id=528, firstName=Lucius, lastName=Wells, date=null)
Customer(id=529, firstName=Glenna, lastName=Boyer, date=null)
Customer(id=530, firstName=Finn, lastName=Short, date=null)
Customer(id=531, firstName=Barrett, lastName=Conley, date=null)
Customer(id=532, firstName=Susan, lastName=Vinson, date=null)
Customer(id=533, firstName=Carly, lastName=Riley, date=null)
Customer(id=534, firstName=Hilel, lastName=Dudley, date=null)
Customer(id=535, firstName=Yvonne, lastName=Ashley, date=null)
Customer(id=536, firstName=Karina, lastName=Berg, date=null)
Customer(id=537, firstName=Shana, lastName=Huber, date=null)
Customer(id=538, firstName=Walter, lastName=Benson, date=null)
Customer(id=539, firstName=Mark, lastName=Howe, date=null)
Customer(id=540, firstName=Hammett, lastName=Hammond, date=null)
Customer(id=541, firstName=Zenaida, lastName=Rutledge, date=null)
Customer(id=542, firstName=Richard, lastName=Kinney, date=null)
Customer(id=543, firstName=Jocelyn, lastName=Shepherd, date=null)
Customer(id=544, firstName=Sacha, lastName=Frank, date=null)
Customer(id=545, firstName=Sloane, lastName=Walton, date=null)
Customer(id=546, firstName=Bree, lastName=Cooper, date=null)
Customer(id=547, firstName=Yoshio, lastName=Alvarado, date=null)
Customer(id=548, firstName=Lamar, lastName=Knight, date=null)
Customer(id=549, firstName=Kirestin, lastName=Mayer, date=null)
Customer(id=550, firstName=Reese, lastName=Mayer, date=null)
Customer(id=551, firstName=Victoria, lastName=Reynolds, date=null)
Customer(id=552, firstName=Unity, lastName=Flores, date=null)
Customer(id=553, firstName=Tatiana, lastName=Tanner, date=null)
Customer(id=554, firstName=Emily, lastName=Estes, date=null)
Customer(id=555, firstName=Brent, lastName=Munoz, date=null)
Customer(id=556, firstName=Jordan, lastName=Sanchez, date=null)
Customer(id=557, firstName=Arthur, lastName=Whitaker, date=null)
Customer(id=558, firstName=Driscoll, lastName=Shepard, date=null)
Customer(id=559, firstName=Deirdre, lastName=Berg, date=null)
Customer(id=560, firstName=Fredericka, lastName=Buckley, date=null)
Customer(id=561, firstName=Katelyn, lastName=Cooke, date=null)
Customer(id=562, firstName=Otto, lastName=Rose, date=null)
Customer(id=563, firstName=Jaime, lastName=Zimmerman, date=null)
Customer(id=564, firstName=Hiroko, lastName=Callahan, date=null)
Customer(id=565, firstName=Allen, lastName=Acosta, date=null)
Customer(id=566, firstName=Taylor, lastName=Maldonado, date=null)
Customer(id=567, firstName=Kareem, lastName=Bowen, date=null)
Customer(id=568, firstName=Jonah, lastName=Hayden, date=null)
Customer(id=569, firstName=Bruno, lastName=Dickson, date=null)
Customer(id=570, firstName=Shelley, lastName=Pollard, date=null)
Customer(id=571, firstName=Baxter, lastName=Estrada, date=null)
Customer(id=572, firstName=Daryl, lastName=Olson, date=null)
Customer(id=573, firstName=Ainsley, lastName=Nieves, date=null)
Customer(id=574, firstName=Allen, lastName=Arnold, date=null)
Customer(id=575, firstName=Wade, lastName=Vargas, date=null)
Customer(id=576, firstName=Palmer, lastName=Pate, date=null)
Customer(id=577, firstName=Lysandra, lastName=Foster, date=null)
Customer(id=578, firstName=Hilary, lastName=Jordan, date=null)
Customer(id=579, firstName=Leah, lastName=Douglas, date=null)
Customer(id=580, firstName=Kim, lastName=Graham, date=null)
Customer(id=581, firstName=Ivor, lastName=Stein, date=null)
Customer(id=582, firstName=Yael, lastName=Nicholson, date=null)
Customer(id=583, firstName=Cynthia, lastName=Wilkinson, date=null)
Customer(id=584, firstName=Lavinia, lastName=Alvarez, date=null)
Customer(id=585, firstName=Raya, lastName=Harris, date=null)
Customer(id=586, firstName=Ivana, lastName=Bradshaw, date=null)
Customer(id=587, firstName=Stephanie, lastName=Rosario, date=null)
Customer(id=588, firstName=Deborah, lastName=Madden, date=null)
Customer(id=589, firstName=Anne, lastName=Moses, date=null)
Customer(id=590, firstName=Beverly, lastName=Dunn, date=null)
Customer(id=591, firstName=Dalton, lastName=Mcfadden, date=null)
Customer(id=592, firstName=Sasha, lastName=Erickson, date=null)
Customer(id=593, firstName=Teegan, lastName=Walker, date=null)
Customer(id=594, firstName=Amelia, lastName=Church, date=null)
Customer(id=595, firstName=Brenna, lastName=Cantrell, date=null)
Customer(id=596, firstName=Jackson, lastName=Montoya, date=null)
Customer(id=597, firstName=Blaze, lastName=Horton, date=null)
Customer(id=598, firstName=Amber, lastName=Workman, date=null)
Customer(id=599, firstName=Azalia, lastName=Bradshaw, date=null)
Customer(id=600, firstName=Zelenia, lastName=Henson, date=null)
Customer(id=601, firstName=Thomas, lastName=Mathews, date=null)
Customer(id=602, firstName=Kevyn, lastName=Whitney, date=null)
Customer(id=603, firstName=Marny, lastName=Leon, date=null)
Customer(id=604, firstName=Jarrod, lastName=Gay, date=null)
Customer(id=605, firstName=Chastity, lastName=Wyatt, date=null)
Customer(id=606, firstName=Remedios, lastName=Shannon, date=null)
Customer(id=607, firstName=Martina, lastName=Valenzuela, date=null)
Customer(id=608, firstName=Ulla, lastName=Mcdaniel, date=null)
Customer(id=609, firstName=Flavia, lastName=Chen, date=null)
Customer(id=610, firstName=Sydnee, lastName=Martinez, date=null)
Customer(id=611, firstName=Adara, lastName=Hodges, date=null)
Customer(id=612, firstName=Martin, lastName=Patrick, date=null)
Customer(id=613, firstName=Carla, lastName=Mejia, date=null)
Customer(id=614, firstName=Alea, lastName=Sellers, date=null)
Customer(id=615, firstName=Maite, lastName=Ellison, date=null)
Customer(id=616, firstName=Alan, lastName=Curtis, date=null)
Customer(id=617, firstName=Kiona, lastName=Donaldson, date=null)
Customer(id=618, firstName=Octavius, lastName=Hester, date=null)
Customer(id=619, firstName=Yvonne, lastName=Dudley, date=null)
Customer(id=620, firstName=Kieran, lastName=Vargas, date=null)
Customer(id=621, firstName=Selma, lastName=Lucas, date=null)
Customer(id=622, firstName=Burton, lastName=Barnett, date=null)
Customer(id=623, firstName=Kaitlin, lastName=Malone, date=null)
Customer(id=624, firstName=Madison, lastName=Blackwell, date=null)
Customer(id=625, firstName=Erich, lastName=Browning, date=null)
Customer(id=626, firstName=Joshua, lastName=Mills, date=null)
Customer(id=627, firstName=Eliana, lastName=Downs, date=null)
Customer(id=628, firstName=Giacomo, lastName=Saunders, date=null)
Customer(id=629, firstName=Donna, lastName=Carey, date=null)
Customer(id=630, firstName=Cedric, lastName=Pennington, date=null)
Customer(id=631, firstName=Xantha, lastName=Mckee, date=null)
Customer(id=632, firstName=Rhona, lastName=Strickland, date=null)
Customer(id=633, firstName=Beverly, lastName=Sharp, date=null)
Customer(id=634, firstName=Cailin, lastName=Kim, date=null)
Customer(id=635, firstName=Tanek, lastName=Graves, date=null)
Customer(id=636, firstName=Quinn, lastName=Guthrie, date=null)
Customer(id=637, firstName=Declan, lastName=Church, date=null)
Customer(id=638, firstName=Lysandra, lastName=Cunningham, date=null)
Customer(id=639, firstName=Allistair, lastName=Lawson, date=null)
Customer(id=640, firstName=Rylee, lastName=Haynes, date=null)
Customer(id=641, firstName=Neve, lastName=Myers, date=null)
Customer(id=642, firstName=Kevin, lastName=Deleon, date=null)
Customer(id=643, firstName=Wallace, lastName=Ochoa, date=null)
Customer(id=644, firstName=Patience, lastName=Dawson, date=null)
Customer(id=645, firstName=Carla, lastName=Burch, date=null)
Customer(id=646, firstName=Fallon, lastName=Mcintosh, date=null)
Customer(id=647, firstName=Stephen, lastName=Figueroa, date=null)
Customer(id=648, firstName=Katell, lastName=Sanders, date=null)
Customer(id=649, firstName=Tyler, lastName=Dillard, date=null)
Customer(id=650, firstName=Kessie, lastName=Waller, date=null)
Customer(id=651, firstName=Stewart, lastName=Mason, date=null)
Customer(id=652, firstName=Kitra, lastName=Pittman, date=null)
Customer(id=653, firstName=Ivor, lastName=Gordon, date=null)
Customer(id=654, firstName=Dane, lastName=Le, date=null)
Customer(id=655, firstName=Silas, lastName=Delaney, date=null)
Customer(id=656, firstName=Avram, lastName=Chambers, date=null)
Customer(id=657, firstName=Joan, lastName=Banks, date=null)
Customer(id=658, firstName=Kennan, lastName=Small, date=null)
Customer(id=659, firstName=Sebastian, lastName=Mcintyre, date=null)
Customer(id=660, firstName=Armand, lastName=Moon, date=null)
Customer(id=661, firstName=Edward, lastName=Ortega, date=null)
Customer(id=662, firstName=Donovan, lastName=Burris, date=null)
Customer(id=663, firstName=Aurora, lastName=Velez, date=null)
Customer(id=664, firstName=Cailin, lastName=Ferrell, date=null)
Customer(id=665, firstName=Cade, lastName=Thomas, date=null)
Customer(id=666, firstName=Shoshana, lastName=Le, date=null)
Customer(id=667, firstName=Maggy, lastName=Hartman, date=null)
Customer(id=668, firstName=Bradley, lastName=Talley, date=null)
Customer(id=669, firstName=Carlos, lastName=Gonzales, date=null)
Customer(id=670, firstName=Julian, lastName=Jensen, date=null)
Customer(id=671, firstName=Colby, lastName=Rogers, date=null)
Customer(id=672, firstName=Allegra, lastName=Neal, date=null)
Customer(id=673, firstName=Melinda, lastName=Quinn, date=null)
Customer(id=674, firstName=Wayne, lastName=Mendez, date=null)
Customer(id=675, firstName=Vivian, lastName=Massey, date=null)
Customer(id=676, firstName=Gary, lastName=Berger, date=null)
Customer(id=677, firstName=Seth, lastName=Jensen, date=null)
Customer(id=678, firstName=Noble, lastName=Reese, date=null)
Customer(id=679, firstName=Yeo, lastName=Byrd, date=null)
Customer(id=680, firstName=Ingrid, lastName=Leach, date=null)
Customer(id=681, firstName=Vaughan, lastName=Frazier, date=null)
Customer(id=682, firstName=Ima, lastName=Howe, date=null)
Customer(id=683, firstName=Kaitlin, lastName=Wall, date=null)
Customer(id=684, firstName=Nichole, lastName=Schmidt, date=null)
Customer(id=685, firstName=Lesley, lastName=Roy, date=null)
Customer(id=686, firstName=Tyler, lastName=Pierce, date=null)
Customer(id=687, firstName=Branden, lastName=Carver, date=null)
Customer(id=688, firstName=Kerry, lastName=Miranda, date=null)
Customer(id=689, firstName=Ariel, lastName=Cruz, date=null)
Customer(id=690, firstName=Thor, lastName=Sykes, date=null)
Customer(id=691, firstName=Quincy, lastName=Garza, date=null)
Customer(id=692, firstName=Whilemina, lastName=Cabrera, date=null)
Customer(id=693, firstName=Zia, lastName=Dean, date=null)
Customer(id=694, firstName=Quemby, lastName=Thompson, date=null)
Customer(id=695, firstName=Francis, lastName=Patton, date=null)
Customer(id=696, firstName=Janna, lastName=Moran, date=null)
Customer(id=697, firstName=Joelle, lastName=Craig, date=null)
Customer(id=698, firstName=Castor, lastName=Harrington, date=null)
Customer(id=699, firstName=Bell, lastName=Hunt, date=null)
Customer(id=700, firstName=Hall, lastName=Clarke, date=null)
Customer(id=701, firstName=Wade, lastName=Moore, date=null)
Customer(id=702, firstName=Jana, lastName=Bennett, date=null)
Customer(id=703, firstName=Winter, lastName=Beard, date=null)
Customer(id=704, firstName=Melanie, lastName=Willis, date=null)
Customer(id=705, firstName=Meghan, lastName=Graves, date=null)
Customer(id=706, firstName=Byron, lastName=Flores, date=null)
Customer(id=707, firstName=Shaeleigh, lastName=Schroeder, date=null)
Customer(id=708, firstName=Noelani, lastName=Woods, date=null)
Customer(id=709, firstName=Kristen, lastName=Humphrey, date=null)
Customer(id=710, firstName=Quon, lastName=Franklin, date=null)
Customer(id=711, firstName=Hedwig, lastName=Wiley, date=null)
Customer(id=712, firstName=Brock, lastName=Bishop, date=null)
Customer(id=713, firstName=Lisandra, lastName=Weiss, date=null)
Customer(id=714, firstName=Reed, lastName=Myers, date=null)
Customer(id=715, firstName=Rhonda, lastName=Kent, date=null)
Customer(id=716, firstName=Moana, lastName=Cote, date=null)
Customer(id=717, firstName=Isadora, lastName=Wilson, date=null)
Customer(id=718, firstName=Sonia, lastName=Ramsey, date=null)
Customer(id=719, firstName=Keegan, lastName=Warren, date=null)
Customer(id=720, firstName=Asher, lastName=Bailey, date=null)
Customer(id=721, firstName=Prescott, lastName=Holcomb, date=null)
Customer(id=722, firstName=Rafael, lastName=Watson, date=null)
Customer(id=723, firstName=Xenos, lastName=Dawson, date=null)
Customer(id=724, firstName=Xaviera, lastName=Avila, date=null)
Customer(id=725, firstName=Latifah, lastName=Vincent, date=null)
Customer(id=726, firstName=Amena, lastName=Harrison, date=null)
Customer(id=727, firstName=Tatiana, lastName=Vincent, date=null)
Customer(id=728, firstName=Jelani, lastName=Hansen, date=null)
Customer(id=729, firstName=Pascale, lastName=Blevins, date=null)
Customer(id=730, firstName=Zeph, lastName=Powell, date=null)
Customer(id=731, firstName=Laith, lastName=Guthrie, date=null)
Customer(id=732, firstName=Bevis, lastName=Skinner, date=null)
Customer(id=733, firstName=Jonah, lastName=Mullins, date=null)
Customer(id=734, firstName=Lynn, lastName=Middleton, date=null)
Customer(id=735, firstName=Tashya, lastName=Hanson, date=null)
Customer(id=736, firstName=Noelani, lastName=Bridges, date=null)
Customer(id=737, firstName=Bruno, lastName=Sherman, date=null)
Customer(id=738, firstName=Risa, lastName=Weiss, date=null)
Customer(id=739, firstName=Stacy, lastName=Wynn, date=null)
Customer(id=740, firstName=Justine, lastName=Cantrell, date=null)
Customer(id=741, firstName=Myra, lastName=Suarez, date=null)
Customer(id=742, firstName=Castor, lastName=Ball, date=null)
Customer(id=743, firstName=Bradley, lastName=Hurley, date=null)
Customer(id=744, firstName=Cameran, lastName=Rogers, date=null)
Customer(id=745, firstName=Helen, lastName=Woods, date=null)
Customer(id=746, firstName=Cooper, lastName=Edwards, date=null)
Customer(id=747, firstName=Alec, lastName=Finley, date=null)
Customer(id=748, firstName=Kylan, lastName=Adams, date=null)
Customer(id=749, firstName=Kelsey, lastName=Coffey, date=null)
Customer(id=750, firstName=Willa, lastName=Howard, date=null)
Customer(id=751, firstName=Shea, lastName=Fernandez, date=null)
Customer(id=752, firstName=Rinah, lastName=Christian, date=null)
Customer(id=753, firstName=Todd, lastName=Wolfe, date=null)
Customer(id=754, firstName=Nora, lastName=Wallace, date=null)
Customer(id=755, firstName=Lewis, lastName=Joseph, date=null)
Customer(id=756, firstName=Charles, lastName=Duffy, date=null)
Customer(id=757, firstName=Grady, lastName=Barlow, date=null)
Customer(id=758, firstName=Petra, lastName=Horne, date=null)
Customer(id=759, firstName=Wesley, lastName=Clements, date=null)
Customer(id=760, firstName=Arsenio, lastName=Frost, date=null)
Customer(id=761, firstName=Wylie, lastName=Whitley, date=null)
Customer(id=762, firstName=Kendall, lastName=Baird, date=null)
Customer(id=763, firstName=Jacob, lastName=Cannon, date=null)
Customer(id=764, firstName=Ciaran, lastName=Pierce, date=null)
Customer(id=765, firstName=Chester, lastName=Brock, date=null)
Customer(id=766, firstName=Lance, lastName=Collier, date=null)
Customer(id=767, firstName=Justin, lastName=Terrell, date=null)
Customer(id=768, firstName=Chancellor, lastName=Merrill, date=null)
Customer(id=769, firstName=Juliet, lastName=Conley, date=null)
Customer(id=770, firstName=Karyn, lastName=Humphrey, date=null)
Customer(id=771, firstName=Scarlett, lastName=Stuart, date=null)
Customer(id=772, firstName=Jakeem, lastName=Morrow, date=null)
Customer(id=773, firstName=Vivian, lastName=Harmon, date=null)
Customer(id=774, firstName=Jolie, lastName=Jimenez, date=null)
Customer(id=775, firstName=Nissim, lastName=Graham, date=null)
Customer(id=776, firstName=Ronan, lastName=Sweeney, date=null)
Customer(id=777, firstName=Ruth, lastName=Sellers, date=null)
Customer(id=778, firstName=Kyra, lastName=Dorsey, date=null)
Customer(id=779, firstName=Meghan, lastName=Wiley, date=null)
Customer(id=780, firstName=Martena, lastName=Baird, date=null)
Customer(id=781, firstName=Julie, lastName=Morgan, date=null)
Customer(id=782, firstName=Leslie, lastName=Mcdaniel, date=null)
Customer(id=783, firstName=Lucius, lastName=Wright, date=null)
Customer(id=784, firstName=Leilani, lastName=Blair, date=null)
Customer(id=785, firstName=Neve, lastName=Hyde, date=null)
Customer(id=786, firstName=Cheyenne, lastName=Scott, date=null)
Customer(id=787, firstName=Daquan, lastName=Sheppard, date=null)
Customer(id=788, firstName=Calista, lastName=Brown, date=null)
Customer(id=789, firstName=Phoebe, lastName=Paul, date=null)
Customer(id=790, firstName=Neve, lastName=Porter, date=null)
Customer(id=791, firstName=Geraldine, lastName=Burns, date=null)
Customer(id=792, firstName=Sophia, lastName=Ramsey, date=null)
Customer(id=793, firstName=Cedric, lastName=Miles, date=null)
Customer(id=794, firstName=Dorian, lastName=Murray, date=null)
Customer(id=795, firstName=Autumn, lastName=Patterson, date=null)
Customer(id=796, firstName=Maxwell, lastName=Miles, date=null)
Customer(id=797, firstName=Reese, lastName=Maynard, date=null)
Customer(id=798, firstName=Sybill, lastName=Powers, date=null)
Customer(id=799, firstName=Lawrence, lastName=Lawson, date=null)
Customer(id=800, firstName=Imogene, lastName=Lee, date=null)
Customer(id=801, firstName=Mira, lastName=Franks, date=null)
Customer(id=802, firstName=Silas, lastName=Dixon, date=null)
Customer(id=803, firstName=Paloma, lastName=Daniels, date=null)
Customer(id=804, firstName=Dillon, lastName=Kirby, date=null)
Customer(id=805, firstName=Jarrod, lastName=Morris, date=null)
Customer(id=806, firstName=Quintessa, lastName=Leon, date=null)
Customer(id=807, firstName=Lucas, lastName=Short, date=null)
Customer(id=808, firstName=Karly, lastName=Buck, date=null)
Customer(id=809, firstName=Jacqueline, lastName=Alexander, date=null)
Customer(id=810, firstName=Brock, lastName=Norris, date=null)
Customer(id=811, firstName=Jaden, lastName=Summers, date=null)
Customer(id=812, firstName=Buffy, lastName=Freeman, date=null)
Customer(id=813, firstName=Reed, lastName=Hardy, date=null)
Customer(id=814, firstName=Olivia, lastName=Riddle, date=null)
Customer(id=815, firstName=Aimee, lastName=Beck, date=null)
Customer(id=816, firstName=Iola, lastName=Prince, date=null)
Customer(id=817, firstName=Camilla, lastName=Copeland, date=null)
Customer(id=818, firstName=Gloria, lastName=Berg, date=null)
Customer(id=819, firstName=Rinah, lastName=Brennan, date=null)
Customer(id=820, firstName=Emery, lastName=Aguirre, date=null)
Customer(id=821, firstName=Desiree, lastName=Miller, date=null)
Customer(id=822, firstName=Pamela, lastName=Maxwell, date=null)
Customer(id=823, firstName=Odessa, lastName=Lambert, date=null)
Customer(id=824, firstName=Tanek, lastName=Workman, date=null)
Customer(id=825, firstName=Gareth, lastName=West, date=null)
Customer(id=826, firstName=Vielka, lastName=Browning, date=null)
Customer(id=827, firstName=September, lastName=Norton, date=null)
Customer(id=828, firstName=Lavinia, lastName=Olsen, date=null)
Customer(id=829, firstName=Stone, lastName=Higgins, date=null)
Customer(id=830, firstName=Lucas, lastName=Torres, date=null)
Customer(id=831, firstName=Yen, lastName=Cruz, date=null)
Customer(id=832, firstName=Nadine, lastName=Cannon, date=null)
Customer(id=833, firstName=Mikayla, lastName=Johnson, date=null)
Customer(id=834, firstName=Logan, lastName=Brewer, date=null)
Customer(id=835, firstName=Ella, lastName=Carson, date=null)
Customer(id=836, firstName=Zia, lastName=Gaines, date=null)
Customer(id=837, firstName=Mason, lastName=Mccray, date=null)
Customer(id=838, firstName=Jeanette, lastName=Gill, date=null)
Customer(id=839, firstName=Dana, lastName=Hickman, date=null)
Customer(id=840, firstName=Barrett, lastName=Erickson, date=null)
Customer(id=841, firstName=Leilani, lastName=Kelley, date=null)
Customer(id=842, firstName=Sade, lastName=Boyle, date=null)
Customer(id=843, firstName=Gillian, lastName=Sanchez, date=null)
Customer(id=844, firstName=Brynne, lastName=Gutierrez, date=null)
Customer(id=845, firstName=Clare, lastName=Potter, date=null)
Customer(id=846, firstName=Flavia, lastName=Hobbs, date=null)
Customer(id=847, firstName=Thaddeus, lastName=Osborn, date=null)
Customer(id=848, firstName=Herrod, lastName=Noble, date=null)
Customer(id=849, firstName=Brendan, lastName=Gibbs, date=null)
Customer(id=850, firstName=Ulla, lastName=Campbell, date=null)
Customer(id=851, firstName=Aiko, lastName=Mcguire, date=null)
Customer(id=852, firstName=Burton, lastName=Jordan, date=null)
Customer(id=853, firstName=Ashely, lastName=Morrow, date=null)
Customer(id=854, firstName=Chaim, lastName=Burnett, date=null)
Customer(id=855, firstName=Anika, lastName=Crawford, date=null)
Customer(id=856, firstName=Leandra, lastName=Lamb, date=null)
Customer(id=857, firstName=Nasim, lastName=Powell, date=null)
Customer(id=858, firstName=Tiger, lastName=Green, date=null)
Customer(id=859, firstName=Summer, lastName=Powers, date=null)
Customer(id=860, firstName=Kevyn, lastName=Pace, date=null)
Customer(id=861, firstName=Brady, lastName=Garrison, date=null)
Customer(id=862, firstName=Brian, lastName=Bolton, date=null)
Customer(id=863, firstName=Kalia, lastName=Kidd, date=null)
Customer(id=864, firstName=Carlos, lastName=Downs, date=null)
Customer(id=865, firstName=Driscoll, lastName=Combs, date=null)
Customer(id=866, firstName=Laith, lastName=Gordon, date=null)
Customer(id=867, firstName=Dale, lastName=Mcbride, date=null)
Customer(id=868, firstName=Hu, lastName=Everett, date=null)
Customer(id=869, firstName=Tyrone, lastName=Compton, date=null)
Customer(id=870, firstName=Tad, lastName=Castaneda, date=null)
Customer(id=871, firstName=Chaim, lastName=Hancock, date=null)
Customer(id=872, firstName=Sage, lastName=Wyatt, date=null)
Customer(id=873, firstName=Cruz, lastName=Stafford, date=null)
Customer(id=874, firstName=Nissim, lastName=Hancock, date=null)
Customer(id=875, firstName=Malcolm, lastName=Hatfield, date=null)
Customer(id=876, firstName=Sebastian, lastName=Shepherd, date=null)
Customer(id=877, firstName=Honorato, lastName=Allen, date=null)
Customer(id=878, firstName=Dorothy, lastName=Rose, date=null)
Customer(id=879, firstName=Quintessa, lastName=Lyons, date=null)
Customer(id=880, firstName=Deacon, lastName=Stein, date=null)
Customer(id=881, firstName=Ian, lastName=Franco, date=null)
Customer(id=882, firstName=Naida, lastName=Mayo, date=null)
Customer(id=883, firstName=Giacomo, lastName=Reed, date=null)
Customer(id=884, firstName=Raven, lastName=Thompson, date=null)
Customer(id=885, firstName=Myra, lastName=Martin, date=null)
Customer(id=886, firstName=Medge, lastName=Forbes, date=null)
Customer(id=887, firstName=Barry, lastName=Randall, date=null)
Customer(id=888, firstName=Alvin, lastName=Butler, date=null)
Customer(id=889, firstName=Aimee, lastName=Brooks, date=null)
Customer(id=890, firstName=Honorato, lastName=Nieves, date=null)
Customer(id=891, firstName=Avye, lastName=Kemp, date=null)
Customer(id=892, firstName=Dane, lastName=Boyer, date=null)
Customer(id=893, firstName=Susan, lastName=Glass, date=null)
Customer(id=894, firstName=Derek, lastName=Mitchell, date=null)
Customer(id=895, firstName=Angela, lastName=Parker, date=null)
Customer(id=896, firstName=Helen, lastName=Fuentes, date=null)
Customer(id=897, firstName=Dieter, lastName=Huff, date=null)
Customer(id=898, firstName=Chase, lastName=Oneil, date=null)
Customer(id=899, firstName=Simone, lastName=Bryant, date=null)
Customer(id=900, firstName=Ocean, lastName=Lane, date=null)
Customer(id=901, firstName=Harriet, lastName=Terrell, date=null)
Customer(id=902, firstName=Eleanor, lastName=Duffy, date=null)
Customer(id=903, firstName=Alika, lastName=Adkins, date=null)
Customer(id=904, firstName=Sigourney, lastName=Valencia, date=null)
Customer(id=905, firstName=Declan, lastName=Walsh, date=null)
Customer(id=906, firstName=Jacob, lastName=Miranda, date=null)
Customer(id=907, firstName=Keaton, lastName=Murphy, date=null)
Customer(id=908, firstName=Keegan, lastName=Harding, date=null)
Customer(id=909, firstName=Hedy, lastName=Huber, date=null)
Customer(id=910, firstName=Reece, lastName=Finch, date=null)
Customer(id=911, firstName=Yuli, lastName=Boyle, date=null)
Customer(id=912, firstName=Caesar, lastName=Pena, date=null)
Customer(id=913, firstName=Carol, lastName=Poole, date=null)
Customer(id=914, firstName=Lois, lastName=Hancock, date=null)
Customer(id=915, firstName=Marvin, lastName=Nunez, date=null)
Customer(id=916, firstName=Justina, lastName=Day, date=null)
Customer(id=917, firstName=Azalia, lastName=Buckley, date=null)
Customer(id=918, firstName=Devin, lastName=Kelley, date=null)
Customer(id=919, firstName=Rose, lastName=Nguyen, date=null)
Customer(id=920, firstName=Shafira, lastName=Dickson, date=null)
Customer(id=921, firstName=Aurora, lastName=Melton, date=null)
Customer(id=922, firstName=Timothy, lastName=Cunningham, date=null)
Customer(id=923, firstName=Winter, lastName=Graves, date=null)
Customer(id=924, firstName=Audra, lastName=Gray, date=null)
Customer(id=925, firstName=Keefe, lastName=Simpson, date=null)
Customer(id=926, firstName=Upton, lastName=Branch, date=null)
Customer(id=927, firstName=Naida, lastName=Zimmerman, date=null)
Customer(id=928, firstName=Brady, lastName=Rivera, date=null)
Customer(id=929, firstName=Eugenia, lastName=Knight, date=null)
Customer(id=930, firstName=MacKenzie, lastName=Clayton, date=null)
Customer(id=931, firstName=Clio, lastName=Dodson, date=null)
Customer(id=932, firstName=Whitney, lastName=Witt, date=null)
Customer(id=933, firstName=Phyllis, lastName=Stafford, date=null)
Customer(id=934, firstName=Robin, lastName=Chen, date=null)
Customer(id=935, firstName=Hasad, lastName=Mclaughlin, date=null)
Customer(id=936, firstName=Len, lastName=Fields, date=null)
Customer(id=937, firstName=Nelle, lastName=Hudson, date=null)
Customer(id=938, firstName=Jacqueline, lastName=Mathews, date=null)
Customer(id=939, firstName=Abigail, lastName=Erickson, date=null)
Customer(id=940, firstName=Hope, lastName=Hampton, date=null)
Customer(id=941, firstName=Adrian, lastName=Curtis, date=null)
Customer(id=942, firstName=Mufutau, lastName=Foley, date=null)
Customer(id=943, firstName=Keelie, lastName=Gentry, date=null)
Customer(id=944, firstName=Tatyana, lastName=Dunlap, date=null)
Customer(id=945, firstName=Yael, lastName=Reyes, date=null)
Customer(id=946, firstName=Tobias, lastName=Atkinson, date=null)
Customer(id=947, firstName=Scarlet, lastName=Greene, date=null)
Customer(id=948, firstName=Uriel, lastName=Navarro, date=null)
Customer(id=949, firstName=Amity, lastName=Wilder, date=null)
Customer(id=950, firstName=Jared, lastName=Hartman, date=null)
Customer(id=951, firstName=Isaac, lastName=Bailey, date=null)
Customer(id=952, firstName=Sonya, lastName=Sampson, date=null)
Customer(id=953, firstName=Rebekah, lastName=Weeks, date=null)
Customer(id=954, firstName=Reagan, lastName=Bowers, date=null)
Customer(id=955, firstName=Joshua, lastName=Head, date=null)
Customer(id=956, firstName=Brenda, lastName=Chang, date=null)
Customer(id=957, firstName=Steel, lastName=Burris, date=null)
Customer(id=958, firstName=Chandler, lastName=Herman, date=null)
Customer(id=959, firstName=Cameron, lastName=Little, date=null)
Customer(id=960, firstName=Halee, lastName=Copeland, date=null)
Customer(id=961, firstName=Connor, lastName=Cardenas, date=null)
Customer(id=962, firstName=Alana, lastName=Ratliff, date=null)
Customer(id=963, firstName=Maisie, lastName=Dunlap, date=null)
Customer(id=964, firstName=Rhonda, lastName=Vargas, date=null)
Customer(id=965, firstName=Connor, lastName=Richard, date=null)
Customer(id=966, firstName=Courtney, lastName=Chavez, date=null)
Customer(id=967, firstName=Holmes, lastName=Graham, date=null)
Customer(id=968, firstName=Vielka, lastName=Chandler, date=null)
Customer(id=969, firstName=Gail, lastName=Marks, date=null)
Customer(id=970, firstName=Cole, lastName=Valentine, date=null)
Customer(id=971, firstName=Kibo, lastName=Small, date=null)
Customer(id=972, firstName=Ashton, lastName=Short, date=null)
Customer(id=973, firstName=Stone, lastName=White, date=null)
Customer(id=974, firstName=Hilda, lastName=Vazquez, date=null)
Customer(id=975, firstName=Phoebe, lastName=Norris, date=null)
Customer(id=976, firstName=Aileen, lastName=Morin, date=null)
Customer(id=977, firstName=Luke, lastName=Chase, date=null)
Customer(id=978, firstName=Faith, lastName=Barry, date=null)
Customer(id=979, firstName=Myra, lastName=Bradshaw, date=null)
Customer(id=980, firstName=Julie, lastName=Herrera, date=null)
Customer(id=981, firstName=Selma, lastName=Bell, date=null)
Customer(id=982, firstName=Harlan, lastName=Strickland, date=null)
Customer(id=983, firstName=Kimberly, lastName=Marshall, date=null)
Customer(id=984, firstName=Amir, lastName=Myers, date=null)
Customer(id=985, firstName=Noelani, lastName=Ward, date=null)
Customer(id=986, firstName=Morgan, lastName=Castillo, date=null)
Customer(id=987, firstName=Caldwell, lastName=Noble, date=null)
Customer(id=988, firstName=Blaine, lastName=Perkins, date=null)
Customer(id=989, firstName=Mechelle, lastName=Delgado, date=null)
Customer(id=990, firstName=Tana, lastName=Barron, date=null)
Customer(id=991, firstName=Katelyn, lastName=Mosley, date=null)
Customer(id=992, firstName=Britanni, lastName=Monroe, date=null)
Customer(id=993, firstName=Knox, lastName=Medina, date=null)
Customer(id=994, firstName=Kathleen, lastName=Wheeler, date=null)
Customer(id=995, firstName=Shellie, lastName=Mccarty, date=null)
Customer(id=996, firstName=Kitra, lastName=Mckenzie, date=null)
Customer(id=997, firstName=Sheila, lastName=Harmon, date=null)
Customer(id=998, firstName=MacKensie, lastName=Underwood, date=null)
Customer(id=999, firstName=Indigo, lastName=Carter, date=null)
Customer(id=1000, firstName=Raphael, lastName=Owens, date=null)
